2026-05-03 23:57:24 | INFO    | src.experiments.save_run | Run started: phase=phase_4 name=all_five_lasso dir=runs/phase_4/20260503_2357_all_five_lasso
2026-05-03 23:57:24 | INFO    | src.models.phase4.benchmark | Eval: matrix=all_five family=lasso target=log_roi task=regression
2026-05-03 23:57:24 | INFO    | src.models.phase4.cv | Inner GridSearchCV: family=lasso task=regression X.shape=(1199, 127)
2026-05-03 23:57:26 | INFO    | src.models.phase4.cv | Inner CV best: family=lasso task=regression score=-1.3373 params={'model__alpha': np.float64(0.03162277660168379)}
2026-05-03 23:57:26 | INFO    | src.models.phase4.cv | Repeated outer CV (3x5): family=lasso task=regression
2026-05-03 23:57:26 | DEBUG   | src.models.phase4.cv | Fold 1/15 done (lasso, regression): mse=1.3871, rmse=1.1778, mae=0.8763, cvrmse=0.9229
2026-05-03 23:57:26 | DEBUG   | src.models.phase4.cv | Fold 2/15 done (lasso, regression): mse=1.7767, rmse=1.3329, mae=0.9708, cvrmse=0.9510
2026-05-03 23:57:26 | DEBUG   | src.models.phase4.cv | Fold 3/15 done (lasso, regression): mse=1.7927, rmse=1.3389, mae=0.9490, cvrmse=1.0163
2026-05-03 23:57:26 | DEBUG   | src.models.phase4.cv | Fold 4/15 done (lasso, regression): mse=1.8118, rmse=1.3460, mae=0.9754, cvrmse=0.9781
2026-05-03 23:57:26 | DEBUG   | src.models.phase4.cv | Fold 5/15 done (lasso, regression): mse=2.2228, rmse=1.4909, mae=0.9955, cvrmse=1.0915
2026-05-03 23:57:26 | DEBUG   | src.models.phase4.cv | Fold 6/15 done (lasso, regression): mse=1.3878, rmse=1.1781, mae=0.9242, cvrmse=0.8842
2026-05-03 23:57:26 | DEBUG   | src.models.phase4.cv | Fold 7/15 done (lasso, regression): mse=2.3986, rmse=1.5488, mae=0.9520, cvrmse=1.1279
2026-05-03 23:57:26 | DEBUG   | src.models.phase4.cv | Fold 8/15 done (lasso, regression): mse=1.6143, rmse=1.2705, mae=0.9451, cvrmse=0.9641
2026-05-03 23:57:26 | DEBUG   | src.models.phase4.cv | Fold 9/15 done (lasso, regression): mse=1.6376, rmse=1.2797, mae=0.9303, cvrmse=0.9744
2026-05-03 23:57:26 | DEBUG   | src.models.phase4.cv | Fold 10/15 done (lasso, regression): mse=2.0306, rmse=1.4250, mae=1.0249, cvrmse=1.0173
2026-05-03 23:57:26 | DEBUG   | src.models.phase4.cv | Fold 11/15 done (lasso, regression): mse=1.9425, rmse=1.3937, mae=1.0263, cvrmse=0.9703
2026-05-03 23:57:26 | DEBUG   | src.models.phase4.cv | Fold 12/15 done (lasso, regression): mse=1.6763, rmse=1.2947, mae=0.9812, cvrmse=0.9661
2026-05-03 23:57:26 | DEBUG   | src.models.phase4.cv | Fold 13/15 done (lasso, regression): mse=2.3077, rmse=1.5191, mae=0.9619, cvrmse=1.1323
2026-05-03 23:57:26 | DEBUG   | src.models.phase4.cv | Fold 14/15 done (lasso, regression): mse=1.6214, rmse=1.2733, mae=0.8702, cvrmse=1.0086
2026-05-03 23:57:26 | DEBUG   | src.models.phase4.cv | Fold 15/15 done (lasso, regression): mse=1.4915, rmse=1.2213, mae=0.9365, cvrmse=0.9004
2026-05-03 23:57:26 | INFO    | src.models.phase4.benchmark | Done: matrix=all_five family=lasso target=log_roi OOF=cvrmse=0.9953, mae=0.9513, mse=1.7984, rmse=1.3410 inner_best_params={'model__alpha': np.float64(0.03162277660168379)}
2026-05-03 23:57:26 | INFO    | src.models.phase4.benchmark | Eval: matrix=all_five family=lasso target=roi_gt_1 task=classification
2026-05-03 23:57:26 | INFO    | src.models.phase4.cv | Inner GridSearchCV: family=lasso task=classification X.shape=(1199, 127)
2026-05-03 23:57:43 | INFO    | src.models.phase4.cv | Inner CV best: family=lasso task=classification score=0.5692 params={'model__C': np.float64(10.0)}
2026-05-03 23:57:43 | INFO    | src.models.phase4.cv | Repeated outer CV (3x5): family=lasso task=classification
2026-05-03 23:57:44 | DEBUG   | src.models.phase4.cv | Fold 1/15 done (lasso, classification): auc_roc=0.5427, pr_auc=0.8378, log_loss=0.8153, f1=0.6687
2026-05-03 23:57:44 | DEBUG   | src.models.phase4.cv | Fold 2/15 done (lasso, classification): auc_roc=0.5667, pr_auc=0.8519, log_loss=0.7521, f1=0.7486
2026-05-03 23:57:44 | DEBUG   | src.models.phase4.cv | Fold 3/15 done (lasso, classification): auc_roc=0.6392, pr_auc=0.8637, log_loss=0.9621, f1=0.7262
2026-05-03 23:57:44 | DEBUG   | src.models.phase4.cv | Fold 4/15 done (lasso, classification): auc_roc=0.5548, pr_auc=0.8221, log_loss=0.8469, f1=0.7006
2026-05-03 23:57:45 | DEBUG   | src.models.phase4.cv | Fold 5/15 done (lasso, classification): auc_roc=0.5425, pr_auc=0.8569, log_loss=0.7878, f1=0.6727
2026-05-03 23:57:45 | DEBUG   | src.models.phase4.cv | Fold 6/15 done (lasso, classification): auc_roc=0.6243, pr_auc=0.8728, log_loss=0.6703, f1=0.7592
2026-05-03 23:57:45 | DEBUG   | src.models.phase4.cv | Fold 7/15 done (lasso, classification): auc_roc=0.5874, pr_auc=0.8649, log_loss=0.8202, f1=0.7122
2026-05-03 23:57:46 | DEBUG   | src.models.phase4.cv | Fold 8/15 done (lasso, classification): auc_roc=0.5263, pr_auc=0.8122, log_loss=0.9343, f1=0.7262
2026-05-03 23:57:46 | DEBUG   | src.models.phase4.cv | Fold 9/15 done (lasso, classification): auc_roc=0.5231, pr_auc=0.8370, log_loss=0.8239, f1=0.6767
2026-05-03 23:57:46 | DEBUG   | src.models.phase4.cv | Fold 10/15 done (lasso, classification): auc_roc=0.6107, pr_auc=0.8466, log_loss=0.7045, f1=0.7692
2026-05-03 23:57:46 | DEBUG   | src.models.phase4.cv | Fold 11/15 done (lasso, classification): auc_roc=0.5417, pr_auc=0.8369, log_loss=0.7353, f1=0.7365
2026-05-03 23:57:46 | DEBUG   | src.models.phase4.cv | Fold 12/15 done (lasso, classification): auc_roc=0.6191, pr_auc=0.8815, log_loss=0.8357, f1=0.7571
2026-05-03 23:57:47 | DEBUG   | src.models.phase4.cv | Fold 13/15 done (lasso, classification): auc_roc=0.5487, pr_auc=0.8375, log_loss=0.8879, f1=0.6909
2026-05-03 23:57:47 | DEBUG   | src.models.phase4.cv | Fold 14/15 done (lasso, classification): auc_roc=0.4991, pr_auc=0.8177, log_loss=0.8791, f1=0.6707
2026-05-03 23:57:47 | DEBUG   | src.models.phase4.cv | Fold 15/15 done (lasso, classification): auc_roc=0.6588, pr_auc=0.8915, log_loss=0.6819, f1=0.7327
2026-05-03 23:57:49 | INFO    | src.models.phase4.benchmark | Done: matrix=all_five family=lasso target=roi_gt_1 OOF=auc_roc=0.5777, f1=0.7228, log_loss=0.7465, pr_auc=0.8461 inner_best_params={'model__C': np.float64(10.0)}
2026-05-03 23:57:49 | INFO    | src.models.phase4.benchmark | Eval: matrix=all_five family=lasso target=roi_gt_2 task=classification
2026-05-03 23:57:49 | INFO    | src.models.phase4.cv | Inner GridSearchCV: family=lasso task=classification X.shape=(1199, 127)
2026-05-03 23:57:57 | INFO    | src.models.phase4.cv | Inner CV best: family=lasso task=classification score=0.6106 params={'model__C': np.float64(0.31622776601683794)}
2026-05-03 23:57:57 | INFO    | src.models.phase4.cv | Repeated outer CV (3x5): family=lasso task=classification
2026-05-03 23:57:57 | DEBUG   | src.models.phase4.cv | Fold 1/15 done (lasso, classification): auc_roc=0.6174, pr_auc=0.7330, log_loss=0.6767, f1=0.6784
2026-05-03 23:57:57 | DEBUG   | src.models.phase4.cv | Fold 2/15 done (lasso, classification): auc_roc=0.5812, pr_auc=0.7018, log_loss=0.7029, f1=0.6192
2026-05-03 23:57:57 | DEBUG   | src.models.phase4.cv | Fold 3/15 done (lasso, classification): auc_roc=0.6349, pr_auc=0.7740, log_loss=0.6611, f1=0.6713
2026-05-03 23:57:57 | DEBUG   | src.models.phase4.cv | Fold 4/15 done (lasso, classification): auc_roc=0.6169, pr_auc=0.7410, log_loss=0.6936, f1=0.6282
2026-05-03 23:57:58 | DEBUG   | src.models.phase4.cv | Fold 5/15 done (lasso, classification): auc_roc=0.6026, pr_auc=0.7176, log_loss=0.7189, f1=0.6667
2026-05-03 23:57:58 | DEBUG   | src.models.phase4.cv | Fold 6/15 done (lasso, classification): auc_roc=0.6192, pr_auc=0.7465, log_loss=0.6965, f1=0.6667
2026-05-03 23:57:58 | DEBUG   | src.models.phase4.cv | Fold 7/15 done (lasso, classification): auc_roc=0.6362, pr_auc=0.7665, log_loss=0.6893, f1=0.6397
2026-05-03 23:57:58 | DEBUG   | src.models.phase4.cv | Fold 8/15 done (lasso, classification): auc_roc=0.6177, pr_auc=0.7378, log_loss=0.6701, f1=0.6667
2026-05-03 23:57:58 | DEBUG   | src.models.phase4.cv | Fold 9/15 done (lasso, classification): auc_roc=0.5792, pr_auc=0.7106, log_loss=0.7092, f1=0.6312
2026-05-03 23:57:58 | DEBUG   | src.models.phase4.cv | Fold 10/15 done (lasso, classification): auc_roc=0.6021, pr_auc=0.7264, log_loss=0.6966, f1=0.6312
2026-05-03 23:57:58 | DEBUG   | src.models.phase4.cv | Fold 11/15 done (lasso, classification): auc_roc=0.6042, pr_auc=0.7160, log_loss=0.7270, f1=0.6620
2026-05-03 23:57:58 | DEBUG   | src.models.phase4.cv | Fold 12/15 done (lasso, classification): auc_roc=0.5642, pr_auc=0.6930, log_loss=0.7140, f1=0.6414
2026-05-03 23:57:58 | DEBUG   | src.models.phase4.cv | Fold 13/15 done (lasso, classification): auc_roc=0.6162, pr_auc=0.7412, log_loss=0.6845, f1=0.6000
2026-05-03 23:57:58 | DEBUG   | src.models.phase4.cv | Fold 14/15 done (lasso, classification): auc_roc=0.6279, pr_auc=0.7457, log_loss=0.6946, f1=0.6449
2026-05-03 23:57:58 | DEBUG   | src.models.phase4.cv | Fold 15/15 done (lasso, classification): auc_roc=0.5520, pr_auc=0.7095, log_loss=0.7205, f1=0.6175
2026-05-03 23:58:00 | INFO    | src.models.phase4.benchmark | Done: matrix=all_five family=lasso target=roi_gt_2 OOF=auc_roc=0.6094, f1=0.6450, log_loss=0.6874, pr_auc=0.7282 inner_best_params={'model__C': np.float64(0.31622776601683794)}
2026-05-03 23:58:00 | INFO    | src.experiments.save_run | Run finished: phase=phase_4 name=all_five_lasso dir=runs/phase_4/20260503_2357_all_five_lasso
