2026-05-04 14:53:29 | INFO    | src.experiments.save_run | Run started: phase=phase_4_v2 name=standalone_positive_union_mpnet_linear dir=runs/phase_4_v2/20260504_1453_standalone_positive_union_mpnet_linear
2026-05-04 14:53:29 | INFO    | src.models.phase4.benchmark | Eval: matrix=standalone_positive_union_mpnet family=linear target=log_roi task=regression
2026-05-04 14:53:29 | INFO    | src.models.phase4.cv | Inner GridSearchCV: family=linear task=regression X.shape=(1460, 92)
2026-05-04 14:53:29 | INFO    | src.models.phase4.cv | Inner CV best: family=linear task=regression score=-1.3510 params={'model__alpha': np.float64(1000.0)}
2026-05-04 14:53:29 | INFO    | src.models.phase4.cv | Repeated outer CV (3x5): family=linear task=regression
2026-05-04 14:53:29 | DEBUG   | src.models.phase4.cv | Fold 1/15 done (linear, regression): mse=2.0244, rmse=1.4228, mae=1.0109, cvrmse=1.0614
2026-05-04 14:53:29 | DEBUG   | src.models.phase4.cv | Fold 2/15 done (linear, regression): mse=1.7819, rmse=1.3349, mae=0.9877, cvrmse=1.0194
2026-05-04 14:53:29 | DEBUG   | src.models.phase4.cv | Fold 3/15 done (linear, regression): mse=1.6738, rmse=1.2938, mae=0.9695, cvrmse=0.9448
2026-05-04 14:53:29 | DEBUG   | src.models.phase4.cv | Fold 4/15 done (linear, regression): mse=1.6600, rmse=1.2884, mae=0.9537, cvrmse=0.9863
2026-05-04 14:53:29 | DEBUG   | src.models.phase4.cv | Fold 5/15 done (linear, regression): mse=2.0031, rmse=1.4153, mae=1.0280, cvrmse=1.0421
2026-05-04 14:53:29 | DEBUG   | src.models.phase4.cv | Fold 6/15 done (linear, regression): mse=1.8657, rmse=1.3659, mae=0.9851, cvrmse=0.9943
2026-05-04 14:53:29 | DEBUG   | src.models.phase4.cv | Fold 7/15 done (linear, regression): mse=1.5724, rmse=1.2540, mae=0.9219, cvrmse=1.0051
2026-05-04 14:53:29 | DEBUG   | src.models.phase4.cv | Fold 8/15 done (linear, regression): mse=2.1225, rmse=1.4569, mae=1.0381, cvrmse=1.0946
2026-05-04 14:53:29 | DEBUG   | src.models.phase4.cv | Fold 9/15 done (linear, regression): mse=1.6299, rmse=1.2767, mae=0.9538, cvrmse=0.9543
2026-05-04 14:53:29 | DEBUG   | src.models.phase4.cv | Fold 10/15 done (linear, regression): mse=1.9167, rmse=1.3845, mae=1.0366, cvrmse=0.9934
2026-05-04 14:53:29 | DEBUG   | src.models.phase4.cv | Fold 11/15 done (linear, regression): mse=1.5751, rmse=1.2550, mae=0.9287, cvrmse=0.9353
2026-05-04 14:53:29 | DEBUG   | src.models.phase4.cv | Fold 12/15 done (linear, regression): mse=1.9933, rmse=1.4118, mae=1.0108, cvrmse=1.0247
2026-05-04 14:53:29 | DEBUG   | src.models.phase4.cv | Fold 13/15 done (linear, regression): mse=1.9592, rmse=1.3997, mae=1.0172, cvrmse=1.0290
2026-05-04 14:53:29 | DEBUG   | src.models.phase4.cv | Fold 14/15 done (linear, regression): mse=1.8237, rmse=1.3504, mae=1.0020, cvrmse=1.0006
2026-05-04 14:53:29 | DEBUG   | src.models.phase4.cv | Fold 15/15 done (linear, regression): mse=1.8151, rmse=1.3473, mae=1.0078, cvrmse=1.0742
2026-05-04 14:53:30 | INFO    | src.models.phase4.benchmark | Done: matrix=standalone_positive_union_mpnet family=linear target=log_roi OOF=cvrmse=1.0102, mae=0.9892, mse=1.8235, rmse=1.3504 inner_best_params={'model__alpha': np.float64(1000.0)}
2026-05-04 14:53:30 | INFO    | src.models.phase4.benchmark | Eval: matrix=standalone_positive_union_mpnet family=linear target=roi_gt_1 task=classification
2026-05-04 14:53:30 | INFO    | src.models.phase4.cv | Inner GridSearchCV: family=linear task=classification X.shape=(1460, 92)
2026-05-04 14:53:30 | INFO    | src.models.phase4.cv | Inner CV best: family=linear task=classification score=0.5892 params={'model__C': np.float64(0.001)}
2026-05-04 14:53:30 | INFO    | src.models.phase4.cv | Repeated outer CV (3x5): family=linear task=classification
2026-05-04 14:53:30 | DEBUG   | src.models.phase4.cv | Fold 1/15 done (linear, classification): auc_roc=0.5956, pr_auc=0.8444, log_loss=0.6754, f1=0.6734
2026-05-04 14:53:30 | DEBUG   | src.models.phase4.cv | Fold 2/15 done (linear, classification): auc_roc=0.5830, pr_auc=0.8413, log_loss=0.6746, f1=0.6786
2026-05-04 14:53:30 | DEBUG   | src.models.phase4.cv | Fold 3/15 done (linear, classification): auc_roc=0.6001, pr_auc=0.8591, log_loss=0.6815, f1=0.6735
2026-05-04 14:53:30 | DEBUG   | src.models.phase4.cv | Fold 4/15 done (linear, classification): auc_roc=0.6200, pr_auc=0.8518, log_loss=0.6678, f1=0.7404
2026-05-04 14:53:30 | DEBUG   | src.models.phase4.cv | Fold 5/15 done (linear, classification): auc_roc=0.5475, pr_auc=0.8208, log_loss=0.6931, f1=0.6277
2026-05-04 14:53:30 | DEBUG   | src.models.phase4.cv | Fold 6/15 done (linear, classification): auc_roc=0.5445, pr_auc=0.8162, log_loss=0.6818, f1=0.6768
2026-05-04 14:53:30 | DEBUG   | src.models.phase4.cv | Fold 7/15 done (linear, classification): auc_roc=0.5739, pr_auc=0.8445, log_loss=0.6784, f1=0.6684
2026-05-04 14:53:30 | DEBUG   | src.models.phase4.cv | Fold 8/15 done (linear, classification): auc_roc=0.5760, pr_auc=0.8393, log_loss=0.6796, f1=0.7097
2026-05-04 14:53:30 | DEBUG   | src.models.phase4.cv | Fold 9/15 done (linear, classification): auc_roc=0.6629, pr_auc=0.8878, log_loss=0.6757, f1=0.6755
2026-05-04 14:53:30 | DEBUG   | src.models.phase4.cv | Fold 10/15 done (linear, classification): auc_roc=0.5744, pr_auc=0.8309, log_loss=0.6765, f1=0.7157
2026-05-04 14:53:30 | DEBUG   | src.models.phase4.cv | Fold 11/15 done (linear, classification): auc_roc=0.5767, pr_auc=0.8427, log_loss=0.6848, f1=0.6347
2026-05-04 14:53:30 | DEBUG   | src.models.phase4.cv | Fold 12/15 done (linear, classification): auc_roc=0.5907, pr_auc=0.8464, log_loss=0.6804, f1=0.6904
2026-05-04 14:53:30 | DEBUG   | src.models.phase4.cv | Fold 13/15 done (linear, classification): auc_roc=0.6201, pr_auc=0.8590, log_loss=0.6695, f1=0.7068
2026-05-04 14:53:30 | DEBUG   | src.models.phase4.cv | Fold 14/15 done (linear, classification): auc_roc=0.5914, pr_auc=0.8442, log_loss=0.6709, f1=0.7157
2026-05-04 14:53:30 | DEBUG   | src.models.phase4.cv | Fold 15/15 done (linear, classification): auc_roc=0.5394, pr_auc=0.8219, log_loss=0.6838, f1=0.6530
2026-05-04 14:53:32 | INFO    | src.models.phase4.benchmark | Done: matrix=standalone_positive_union_mpnet family=linear target=roi_gt_1 OOF=auc_roc=0.5875, f1=0.6806, log_loss=0.6779, pr_auc=0.8420 inner_best_params={'model__C': np.float64(0.001)}
2026-05-04 14:53:32 | INFO    | src.models.phase4.benchmark | Eval: matrix=standalone_positive_union_mpnet family=linear target=roi_gt_2 task=classification
2026-05-04 14:53:32 | INFO    | src.models.phase4.cv | Inner GridSearchCV: family=linear task=classification X.shape=(1460, 92)
2026-05-04 14:53:33 | INFO    | src.models.phase4.cv | Inner CV best: family=linear task=classification score=0.5850 params={'model__C': np.float64(0.001)}
2026-05-04 14:53:33 | INFO    | src.models.phase4.cv | Repeated outer CV (3x5): family=linear task=classification
2026-05-04 14:53:33 | DEBUG   | src.models.phase4.cv | Fold 1/15 done (linear, classification): auc_roc=0.5997, pr_auc=0.7208, log_loss=0.6809, f1=0.5741
2026-05-04 14:53:33 | DEBUG   | src.models.phase4.cv | Fold 2/15 done (linear, classification): auc_roc=0.5773, pr_auc=0.6866, log_loss=0.6846, f1=0.5872
2026-05-04 14:53:33 | DEBUG   | src.models.phase4.cv | Fold 3/15 done (linear, classification): auc_roc=0.5261, pr_auc=0.6665, log_loss=0.6890, f1=0.5957
2026-05-04 14:53:33 | DEBUG   | src.models.phase4.cv | Fold 4/15 done (linear, classification): auc_roc=0.6512, pr_auc=0.7581, log_loss=0.6722, f1=0.6506
2026-05-04 14:53:33 | DEBUG   | src.models.phase4.cv | Fold 5/15 done (linear, classification): auc_roc=0.5706, pr_auc=0.6801, log_loss=0.6848, f1=0.5901
2026-05-04 14:53:33 | DEBUG   | src.models.phase4.cv | Fold 6/15 done (linear, classification): auc_roc=0.5211, pr_auc=0.6760, log_loss=0.6908, f1=0.5740
2026-05-04 14:53:33 | DEBUG   | src.models.phase4.cv | Fold 7/15 done (linear, classification): auc_roc=0.6504, pr_auc=0.7572, log_loss=0.6730, f1=0.6402
2026-05-04 14:53:33 | DEBUG   | src.models.phase4.cv | Fold 8/15 done (linear, classification): auc_roc=0.5990, pr_auc=0.7021, log_loss=0.6809, f1=0.6154
2026-05-04 14:53:33 | DEBUG   | src.models.phase4.cv | Fold 9/15 done (linear, classification): auc_roc=0.5610, pr_auc=0.6882, log_loss=0.6850, f1=0.6190
2026-05-04 14:53:33 | DEBUG   | src.models.phase4.cv | Fold 10/15 done (linear, classification): auc_roc=0.5889, pr_auc=0.7002, log_loss=0.6818, f1=0.6242
2026-05-04 14:53:33 | DEBUG   | src.models.phase4.cv | Fold 11/15 done (linear, classification): auc_roc=0.5759, pr_auc=0.6885, log_loss=0.6847, f1=0.5776
2026-05-04 14:53:33 | DEBUG   | src.models.phase4.cv | Fold 12/15 done (linear, classification): auc_roc=0.5889, pr_auc=0.7135, log_loss=0.6826, f1=0.5912
2026-05-04 14:53:33 | DEBUG   | src.models.phase4.cv | Fold 13/15 done (linear, classification): auc_roc=0.6029, pr_auc=0.7208, log_loss=0.6789, f1=0.6130
2026-05-04 14:53:33 | DEBUG   | src.models.phase4.cv | Fold 14/15 done (linear, classification): auc_roc=0.6497, pr_auc=0.7254, log_loss=0.6741, f1=0.6859
2026-05-04 14:53:33 | DEBUG   | src.models.phase4.cv | Fold 15/15 done (linear, classification): auc_roc=0.5101, pr_auc=0.6652, log_loss=0.6919, f1=0.5865
2026-05-04 14:53:35 | INFO    | src.models.phase4.benchmark | Done: matrix=standalone_positive_union_mpnet family=linear target=roi_gt_2 OOF=auc_roc=0.5835, f1=0.6134, log_loss=0.6821, pr_auc=0.6988 inner_best_params={'model__C': np.float64(0.001)}
2026-05-04 14:53:35 | INFO    | src.experiments.save_run | Run finished: phase=phase_4_v2 name=standalone_positive_union_mpnet_linear dir=runs/phase_4_v2/20260504_1453_standalone_positive_union_mpnet_linear
