2026-05-04 02:18:29 | INFO    | src.experiments.save_run | Run started: phase=phase_4 name=all_five_xgboost dir=runs/phase_4/20260504_0218_all_five_xgboost
2026-05-04 02:18:29 | INFO    | src.models.phase4.benchmark | Eval: matrix=all_five family=xgboost target=log_roi task=regression
2026-05-04 02:18:29 | INFO    | src.models.phase4.cv | Inner GridSearchCV: family=xgboost task=regression X.shape=(1199, 127)
2026-05-04 02:19:21 | INFO    | src.models.phase4.cv | Inner CV best: family=xgboost task=regression score=-1.3213 params={'model__learning_rate': 0.01, 'model__max_depth': 3, 'model__min_child_weight': 5, 'model__reg_lambda': 10.0}
2026-05-04 02:19:21 | INFO    | src.models.phase4.cv | Repeated outer CV (3x5): family=xgboost task=regression
2026-05-04 02:19:21 | DEBUG   | src.models.phase4.cv | Fold 1/15 done (xgboost, regression): mse=1.3586, rmse=1.1656, mae=0.8636, cvrmse=0.9133
2026-05-04 02:19:22 | DEBUG   | src.models.phase4.cv | Fold 2/15 done (xgboost, regression): mse=1.7734, rmse=1.3317, mae=0.9639, cvrmse=0.9501
2026-05-04 02:19:23 | DEBUG   | src.models.phase4.cv | Fold 3/15 done (xgboost, regression): mse=1.6800, rmse=1.2962, mae=0.9254, cvrmse=0.9839
2026-05-04 02:19:23 | DEBUG   | src.models.phase4.cv | Fold 4/15 done (xgboost, regression): mse=1.8153, rmse=1.3473, mae=0.9657, cvrmse=0.9791
2026-05-04 02:19:24 | DEBUG   | src.models.phase4.cv | Fold 5/15 done (xgboost, regression): mse=2.1483, rmse=1.4657, mae=0.9705, cvrmse=1.0731
2026-05-04 02:19:25 | DEBUG   | src.models.phase4.cv | Fold 6/15 done (xgboost, regression): mse=1.3481, rmse=1.1611, mae=0.9180, cvrmse=0.8714
2026-05-04 02:19:26 | DEBUG   | src.models.phase4.cv | Fold 7/15 done (xgboost, regression): mse=2.3319, rmse=1.5271, mae=0.9526, cvrmse=1.1121
2026-05-04 02:19:26 | DEBUG   | src.models.phase4.cv | Fold 8/15 done (xgboost, regression): mse=1.6102, rmse=1.2689, mae=0.9214, cvrmse=0.9629
2026-05-04 02:19:27 | DEBUG   | src.models.phase4.cv | Fold 9/15 done (xgboost, regression): mse=1.5824, rmse=1.2579, mae=0.9250, cvrmse=0.9578
2026-05-04 02:19:28 | DEBUG   | src.models.phase4.cv | Fold 10/15 done (xgboost, regression): mse=1.9263, rmse=1.3879, mae=1.0129, cvrmse=0.9909
2026-05-04 02:19:29 | DEBUG   | src.models.phase4.cv | Fold 11/15 done (xgboost, regression): mse=1.8885, rmse=1.3742, mae=1.0035, cvrmse=0.9567
2026-05-04 02:19:29 | DEBUG   | src.models.phase4.cv | Fold 12/15 done (xgboost, regression): mse=1.6536, rmse=1.2859, mae=0.9693, cvrmse=0.9595
2026-05-04 02:19:30 | DEBUG   | src.models.phase4.cv | Fold 13/15 done (xgboost, regression): mse=2.2986, rmse=1.5161, mae=0.9630, cvrmse=1.1301
2026-05-04 02:19:31 | DEBUG   | src.models.phase4.cv | Fold 14/15 done (xgboost, regression): mse=1.5111, rmse=1.2293, mae=0.8473, cvrmse=0.9736
2026-05-04 02:19:31 | DEBUG   | src.models.phase4.cv | Fold 15/15 done (xgboost, regression): mse=1.4308, rmse=1.1962, mae=0.9171, cvrmse=0.8818
2026-05-04 02:19:32 | INFO    | src.models.phase4.benchmark | Done: matrix=all_five family=xgboost target=log_roi OOF=cvrmse=0.9795, mae=0.9365, mse=1.7419, rmse=1.3198 inner_best_params={'model__learning_rate': 0.01, 'model__max_depth': 3, 'model__min_child_weight': 5, 'model__reg_lambda': 10.0}
2026-05-04 02:19:32 | INFO    | src.models.phase4.benchmark | Eval: matrix=all_five family=xgboost target=roi_gt_1 task=classification
2026-05-04 02:19:32 | INFO    | src.models.phase4.cv | Inner GridSearchCV: family=xgboost task=classification X.shape=(1199, 127)
2026-05-04 02:20:12 | INFO    | src.models.phase4.cv | Inner CV best: family=xgboost task=classification score=0.5784 params={'model__learning_rate': 0.03, 'model__max_depth': 6, 'model__min_child_weight': 5, 'model__reg_lambda': 10.0}
2026-05-04 02:20:12 | INFO    | src.models.phase4.cv | Repeated outer CV (3x5): family=xgboost task=classification
2026-05-04 02:20:13 | DEBUG   | src.models.phase4.cv | Fold 1/15 done (xgboost, classification): auc_roc=0.5552, pr_auc=0.8332, log_loss=0.5266, f1=0.8762
2026-05-04 02:20:15 | DEBUG   | src.models.phase4.cv | Fold 2/15 done (xgboost, classification): auc_roc=0.5585, pr_auc=0.8284, log_loss=0.5504, f1=0.8607
2026-05-04 02:20:16 | DEBUG   | src.models.phase4.cv | Fold 3/15 done (xgboost, classification): auc_roc=0.6446, pr_auc=0.8622, log_loss=0.4953, f1=0.8796
2026-05-04 02:20:18 | DEBUG   | src.models.phase4.cv | Fold 4/15 done (xgboost, classification): auc_roc=0.5793, pr_auc=0.8599, log_loss=0.5226, f1=0.8523
2026-05-04 02:20:19 | DEBUG   | src.models.phase4.cv | Fold 5/15 done (xgboost, classification): auc_roc=0.5545, pr_auc=0.8614, log_loss=0.5610, f1=0.8444
2026-05-04 02:20:21 | DEBUG   | src.models.phase4.cv | Fold 6/15 done (xgboost, classification): auc_roc=0.5976, pr_auc=0.8471, log_loss=0.5246, f1=0.8641
2026-05-04 02:20:22 | DEBUG   | src.models.phase4.cv | Fold 7/15 done (xgboost, classification): auc_roc=0.5391, pr_auc=0.8249, log_loss=0.5482, f1=0.8640
2026-05-04 02:20:24 | DEBUG   | src.models.phase4.cv | Fold 8/15 done (xgboost, classification): auc_roc=0.4988, pr_auc=0.8108, log_loss=0.5568, f1=0.8387
2026-05-04 02:20:25 | DEBUG   | src.models.phase4.cv | Fold 9/15 done (xgboost, classification): auc_roc=0.5379, pr_auc=0.8351, log_loss=0.5556, f1=0.8501
2026-05-04 02:20:27 | DEBUG   | src.models.phase4.cv | Fold 10/15 done (xgboost, classification): auc_roc=0.5740, pr_auc=0.8461, log_loss=0.5369, f1=0.8564
2026-05-04 02:20:28 | DEBUG   | src.models.phase4.cv | Fold 11/15 done (xgboost, classification): auc_roc=0.4834, pr_auc=0.8020, log_loss=0.5690, f1=0.8551
2026-05-04 02:20:30 | DEBUG   | src.models.phase4.cv | Fold 12/15 done (xgboost, classification): auc_roc=0.5799, pr_auc=0.8519, log_loss=0.5283, f1=0.8654
2026-05-04 02:20:31 | DEBUG   | src.models.phase4.cv | Fold 13/15 done (xgboost, classification): auc_roc=0.5543, pr_auc=0.8240, log_loss=0.5429, f1=0.8586
2026-05-04 02:20:33 | DEBUG   | src.models.phase4.cv | Fold 14/15 done (xgboost, classification): auc_roc=0.5577, pr_auc=0.8410, log_loss=0.5481, f1=0.8515
2026-05-04 02:20:34 | DEBUG   | src.models.phase4.cv | Fold 15/15 done (xgboost, classification): auc_roc=0.5557, pr_auc=0.8440, log_loss=0.5441, f1=0.8366
2026-05-04 02:20:38 | INFO    | src.models.phase4.benchmark | Done: matrix=all_five family=xgboost target=roi_gt_1 OOF=auc_roc=0.5667, f1=0.8655, log_loss=0.5246, pr_auc=0.8381 inner_best_params={'model__learning_rate': 0.03, 'model__max_depth': 6, 'model__min_child_weight': 5, 'model__reg_lambda': 10.0}
2026-05-04 02:20:38 | INFO    | src.models.phase4.benchmark | Eval: matrix=all_five family=xgboost target=roi_gt_2 task=classification
2026-05-04 02:20:38 | INFO    | src.models.phase4.cv | Inner GridSearchCV: family=xgboost task=classification X.shape=(1199, 127)
2026-05-04 02:21:22 | INFO    | src.models.phase4.cv | Inner CV best: family=xgboost task=classification score=0.6137 params={'model__learning_rate': 0.05, 'model__max_depth': 6, 'model__min_child_weight': 1, 'model__reg_lambda': 1.0}
2026-05-04 02:21:22 | INFO    | src.models.phase4.cv | Repeated outer CV (3x5): family=xgboost task=classification
2026-05-04 02:21:24 | DEBUG   | src.models.phase4.cv | Fold 1/15 done (xgboost, classification): auc_roc=0.6175, pr_auc=0.7306, log_loss=0.7339, f1=0.7339
2026-05-04 02:21:27 | DEBUG   | src.models.phase4.cv | Fold 2/15 done (xgboost, classification): auc_roc=0.6099, pr_auc=0.7132, log_loss=0.7418, f1=0.7353
2026-05-04 02:21:29 | DEBUG   | src.models.phase4.cv | Fold 3/15 done (xgboost, classification): auc_roc=0.6404, pr_auc=0.7608, log_loss=0.7123, f1=0.7529
2026-05-04 02:21:31 | DEBUG   | src.models.phase4.cv | Fold 4/15 done (xgboost, classification): auc_roc=0.6226, pr_auc=0.7405, log_loss=0.7195, f1=0.7300
2026-05-04 02:21:33 | DEBUG   | src.models.phase4.cv | Fold 5/15 done (xgboost, classification): auc_roc=0.5779, pr_auc=0.7173, log_loss=0.8249, f1=0.6916
2026-05-04 02:21:35 | DEBUG   | src.models.phase4.cv | Fold 6/15 done (xgboost, classification): auc_roc=0.5807, pr_auc=0.7209, log_loss=0.7881, f1=0.7278
2026-05-04 02:21:37 | DEBUG   | src.models.phase4.cv | Fold 7/15 done (xgboost, classification): auc_roc=0.6134, pr_auc=0.7231, log_loss=0.7115, f1=0.7378
2026-05-04 02:21:39 | DEBUG   | src.models.phase4.cv | Fold 8/15 done (xgboost, classification): auc_roc=0.5992, pr_auc=0.7329, log_loss=0.7710, f1=0.7305
2026-05-04 02:21:41 | DEBUG   | src.models.phase4.cv | Fold 9/15 done (xgboost, classification): auc_roc=0.5485, pr_auc=0.7061, log_loss=0.7981, f1=0.7320
2026-05-04 02:21:43 | DEBUG   | src.models.phase4.cv | Fold 10/15 done (xgboost, classification): auc_roc=0.6481, pr_auc=0.7652, log_loss=0.6789, f1=0.7619
2026-05-04 02:21:45 | DEBUG   | src.models.phase4.cv | Fold 11/15 done (xgboost, classification): auc_roc=0.5773, pr_auc=0.7092, log_loss=0.8015, f1=0.7193
2026-05-04 02:21:47 | DEBUG   | src.models.phase4.cv | Fold 12/15 done (xgboost, classification): auc_roc=0.5566, pr_auc=0.7015, log_loss=0.8140, f1=0.7126
2026-05-04 02:21:49 | DEBUG   | src.models.phase4.cv | Fold 13/15 done (xgboost, classification): auc_roc=0.5714, pr_auc=0.7254, log_loss=0.7931, f1=0.6985
2026-05-04 02:21:51 | DEBUG   | src.models.phase4.cv | Fold 14/15 done (xgboost, classification): auc_roc=0.5876, pr_auc=0.7207, log_loss=0.7803, f1=0.7202
2026-05-04 02:21:53 | DEBUG   | src.models.phase4.cv | Fold 15/15 done (xgboost, classification): auc_roc=0.5751, pr_auc=0.6855, log_loss=0.7936, f1=0.7108
2026-05-04 02:21:57 | INFO    | src.models.phase4.benchmark | Done: matrix=all_five family=xgboost target=roi_gt_2 OOF=auc_roc=0.6043, f1=0.7388, log_loss=0.7132, pr_auc=0.7251 inner_best_params={'model__learning_rate': 0.05, 'model__max_depth': 6, 'model__min_child_weight': 1, 'model__reg_lambda': 1.0}
2026-05-04 02:21:57 | INFO    | src.experiments.save_run | Run finished: phase=phase_4 name=all_five_xgboost dir=runs/phase_4/20260504_0218_all_five_xgboost
