2026-05-03 21:55:28 | INFO    | src.experiments.save_run | Run started: phase=phase_3 name=combinations_all_five dir=runs/phase_3/20260503_2155_combinations_all_five
2026-05-03 21:55:28 | INFO    | __main__ | Phase 3c combination 'all_five': 127 features (127 total columns)
2026-05-03 21:55:28 | INFO    | src.models.baseline.train | phase_3c_all_five | linear | train | log_roi | mse = 1.6704
2026-05-03 21:55:28 | INFO    | src.models.baseline.train | phase_3c_all_five | linear | train | log_roi | rmse = 1.2924
2026-05-03 21:55:28 | INFO    | src.models.baseline.train | phase_3c_all_five | linear | train | log_roi | mae = 0.9096
2026-05-03 21:55:28 | INFO    | src.models.baseline.train | phase_3c_all_five | linear | train | log_roi | cvrmse = 0.9592
2026-05-03 21:55:28 | INFO    | src.models.baseline.train | phase_3c_all_five | linear | oof   | log_roi | mse = 1.8107 [CI 1.5002, 2.2048]
2026-05-03 21:55:28 | INFO    | src.models.baseline.train | phase_3c_all_five | linear | oof   | log_roi | rmse = 1.3456 [CI 1.2248, 1.4849]
2026-05-03 21:55:28 | INFO    | src.models.baseline.train | phase_3c_all_five | linear | oof   | log_roi | mae = 0.9480 [CI 0.8960, 1.0011]
2026-05-03 21:55:28 | INFO    | src.models.baseline.train | phase_3c_all_five | linear | oof   | log_roi | cvrmse = 0.9987 [CI 0.9239, 1.0814]
2026-05-03 21:55:34 | INFO    | src.models.baseline.train | phase_3c_all_five | linear | oof   | roi_gt_1 | auc_roc = 0.5526 [CI 0.5118, 0.5953]
2026-05-03 21:55:34 | INFO    | src.models.baseline.train | phase_3c_all_five | linear | oof   | roi_gt_1 | pr_auc = 0.8325 [CI 0.8050, 0.8631]
2026-05-03 21:55:34 | INFO    | src.models.baseline.train | phase_3c_all_five | linear | oof   | roi_gt_1 | log_loss = 0.6406 [CI 0.5546, 0.7340]
2026-05-03 21:55:34 | INFO    | src.models.baseline.train | phase_3c_all_five | linear | oof   | roi_gt_1 | f1 = 0.8679 [CI 0.8541, 0.8832]
2026-05-03 21:55:39 | INFO    | src.models.baseline.train | phase_3c_all_five | linear | oof   | roi_gt_2 | auc_roc = 0.6123 [CI 0.5789, 0.6436]
2026-05-03 21:55:39 | INFO    | src.models.baseline.train | phase_3c_all_five | linear | oof   | roi_gt_2 | pr_auc = 0.7365 [CI 0.7018, 0.7712]
2026-05-03 21:55:39 | INFO    | src.models.baseline.train | phase_3c_all_five | linear | oof   | roi_gt_2 | log_loss = 0.6344 [CI 0.6177, 0.6507]
2026-05-03 21:55:39 | INFO    | src.models.baseline.train | phase_3c_all_five | linear | oof   | roi_gt_2 | f1 = 0.7827 [CI 0.7631, 0.8018]
2026-05-03 21:55:40 | INFO    | src.models.baseline.train | phase_3c_all_five | histgb | train | log_roi | mse = 1.1139
2026-05-03 21:55:40 | INFO    | src.models.baseline.train | phase_3c_all_five | histgb | train | log_roi | rmse = 1.0554
2026-05-03 21:55:40 | INFO    | src.models.baseline.train | phase_3c_all_five | histgb | train | log_roi | mae = 0.7453
2026-05-03 21:55:40 | INFO    | src.models.baseline.train | phase_3c_all_five | histgb | train | log_roi | cvrmse = 0.7833
2026-05-03 21:55:42 | INFO    | src.models.baseline.train | phase_3c_all_five | histgb | oof   | log_roi | mse = 1.7673 [CI 1.4667, 2.1393]
2026-05-03 21:55:42 | INFO    | src.models.baseline.train | phase_3c_all_five | histgb | oof   | log_roi | rmse = 1.3294 [CI 1.2111, 1.4627]
2026-05-03 21:55:42 | INFO    | src.models.baseline.train | phase_3c_all_five | histgb | oof   | log_roi | mae = 0.9417 [CI 0.8889, 0.9922]
2026-05-03 21:55:42 | INFO    | src.models.baseline.train | phase_3c_all_five | histgb | oof   | log_roi | cvrmse = 0.9866 [CI 0.9115, 1.0653]
2026-05-03 21:55:46 | INFO    | src.models.baseline.train | phase_3c_all_five | histgb | oof   | roi_gt_1 | auc_roc = 0.5343 [CI 0.4925, 0.5768]
2026-05-03 21:55:46 | INFO    | src.models.baseline.train | phase_3c_all_five | histgb | oof   | roi_gt_1 | pr_auc = 0.8294 [CI 0.8032, 0.8582]
2026-05-03 21:55:46 | INFO    | src.models.baseline.train | phase_3c_all_five | histgb | oof   | roi_gt_1 | log_loss = 0.4900 [CI 0.4542, 0.5214]
2026-05-03 21:55:46 | INFO    | src.models.baseline.train | phase_3c_all_five | histgb | oof   | roi_gt_1 | f1 = 0.8937 [CI 0.8812, 0.9083]
2026-05-03 21:55:52 | INFO    | src.models.baseline.train | phase_3c_all_five | histgb | oof   | roi_gt_2 | auc_roc = 0.5757 [CI 0.5448, 0.6089]
2026-05-03 21:55:52 | INFO    | src.models.baseline.train | phase_3c_all_five | histgb | oof   | roi_gt_2 | pr_auc = 0.7013 [CI 0.6668, 0.7401]
2026-05-03 21:55:52 | INFO    | src.models.baseline.train | phase_3c_all_five | histgb | oof   | roi_gt_2 | log_loss = 0.6532 [CI 0.6320, 0.6735]
2026-05-03 21:55:52 | INFO    | src.models.baseline.train | phase_3c_all_five | histgb | oof   | roi_gt_2 | f1 = 0.7663 [CI 0.7451, 0.7878]
2026-05-03 21:55:52 | INFO    | src.models.baseline.train | phase_3c_all_five | knn | train | log_roi | mse = 0.0000
2026-05-03 21:55:52 | INFO    | src.models.baseline.train | phase_3c_all_five | knn | train | log_roi | rmse = 0.0000
2026-05-03 21:55:52 | INFO    | src.models.baseline.train | phase_3c_all_five | knn | train | log_roi | mae = 0.0000
2026-05-03 21:55:52 | INFO    | src.models.baseline.train | phase_3c_all_five | knn | train | log_roi | cvrmse = 0.0000
2026-05-03 21:55:53 | INFO    | src.models.baseline.train | phase_3c_all_five | knn | oof   | log_roi | mse = 1.8913 [CI 1.5706, 2.2875]
2026-05-03 21:55:53 | INFO    | src.models.baseline.train | phase_3c_all_five | knn | oof   | log_roi | rmse = 1.3752 [CI 1.2533, 1.5125]
2026-05-03 21:55:53 | INFO    | src.models.baseline.train | phase_3c_all_five | knn | oof   | log_roi | mae = 0.9832 [CI 0.9289, 1.0362]
2026-05-03 21:55:53 | INFO    | src.models.baseline.train | phase_3c_all_five | knn | oof   | log_roi | cvrmse = 1.0206 [CI 0.9472, 1.1017]
2026-05-03 21:55:56 | INFO    | src.models.baseline.train | phase_3c_all_five | knn | oof   | roi_gt_1 | auc_roc = 0.5456 [CI 0.5056, 0.5867]
2026-05-03 21:55:56 | INFO    | src.models.baseline.train | phase_3c_all_five | knn | oof   | roi_gt_1 | pr_auc = 0.8368 [CI 0.8097, 0.8672]
2026-05-03 21:55:56 | INFO    | src.models.baseline.train | phase_3c_all_five | knn | oof   | roi_gt_1 | log_loss = 0.5570 [CI 0.4787, 0.6636]
2026-05-03 21:55:56 | INFO    | src.models.baseline.train | phase_3c_all_five | knn | oof   | roi_gt_1 | f1 = 0.8929 [CI 0.8794, 0.9075]
2026-05-03 21:56:00 | INFO    | src.models.baseline.train | phase_3c_all_five | knn | oof   | roi_gt_2 | auc_roc = 0.5594 [CI 0.5245, 0.5920]
2026-05-03 21:56:00 | INFO    | src.models.baseline.train | phase_3c_all_five | knn | oof   | roi_gt_2 | pr_auc = 0.6860 [CI 0.6506, 0.7239]
2026-05-03 21:56:00 | INFO    | src.models.baseline.train | phase_3c_all_five | knn | oof   | roi_gt_2 | log_loss = 0.6571 [CI 0.6364, 0.6785]
2026-05-03 21:56:00 | INFO    | src.models.baseline.train | phase_3c_all_five | knn | oof   | roi_gt_2 | f1 = 0.7639 [CI 0.7424, 0.7855]
2026-05-03 21:56:01 | INFO    | src.models.baseline.train | phase_3c_all_five | svm | train | log_roi | mse = 1.1330
2026-05-03 21:56:01 | INFO    | src.models.baseline.train | phase_3c_all_five | svm | train | log_roi | rmse = 1.0644
2026-05-03 21:56:01 | INFO    | src.models.baseline.train | phase_3c_all_five | svm | train | log_roi | mae = 0.6087
2026-05-03 21:56:01 | INFO    | src.models.baseline.train | phase_3c_all_five | svm | train | log_roi | cvrmse = 0.7900
2026-05-03 21:56:01 | INFO    | src.models.baseline.train | phase_3c_all_five | svm | oof   | log_roi | mse = 1.8126 [CI 1.5009, 2.1968]
2026-05-03 21:56:01 | INFO    | src.models.baseline.train | phase_3c_all_five | svm | oof   | log_roi | rmse = 1.3463 [CI 1.2251, 1.4822]
2026-05-03 21:56:01 | INFO    | src.models.baseline.train | phase_3c_all_five | svm | oof   | log_roi | mae = 0.9480 [CI 0.8969, 1.0007]
2026-05-03 21:56:01 | INFO    | src.models.baseline.train | phase_3c_all_five | svm | oof   | log_roi | cvrmse = 0.9992 [CI 0.9236, 1.0792]
2026-05-03 21:56:05 | INFO    | src.models.baseline.train | phase_3c_all_five | svm | oof   | roi_gt_1 | auc_roc = 0.5607 [CI 0.5217, 0.6005]
2026-05-03 21:56:05 | INFO    | src.models.baseline.train | phase_3c_all_five | svm | oof   | roi_gt_1 | pr_auc = 0.8411 [CI 0.8154, 0.8670]
2026-05-03 21:56:05 | INFO    | src.models.baseline.train | phase_3c_all_five | svm | oof   | roi_gt_1 | f1 = 0.8934 [CI 0.8800, 0.9080]
2026-05-03 21:56:08 | INFO    | src.models.baseline.train | phase_3c_all_five | svm | oof   | roi_gt_2 | auc_roc = 0.5966 [CI 0.5649, 0.6310]
2026-05-03 21:56:08 | INFO    | src.models.baseline.train | phase_3c_all_five | svm | oof   | roi_gt_2 | pr_auc = 0.7071 [CI 0.6726, 0.7448]
2026-05-03 21:56:08 | INFO    | src.models.baseline.train | phase_3c_all_five | svm | oof   | roi_gt_2 | f1 = 0.7812 [CI 0.7606, 0.8010]
2026-05-03 21:56:08 | INFO    | src.experiments.save_run | Run finished: phase=phase_3 name=combinations_all_five dir=runs/phase_3/20260503_2155_combinations_all_five
