2026-05-03 20:47:34 | INFO    | src.experiments.save_run | Run started: phase=phase_3 name=embedding_multifamily dir=runs/phase_3/20260503_2047_embedding_multifamily
2026-05-03 20:47:34 | INFO    | __main__ | Starting embedding ablation evaluation across 4 families
2026-05-03 20:47:34 | INFO    | src.models.baseline.train | dialogue_only_logged_embedding | linear | train | log_roi | mse = 1.6801
2026-05-03 20:47:34 | INFO    | src.models.baseline.train | dialogue_only_logged_embedding | linear | train | log_roi | rmse = 1.2962
2026-05-03 20:47:34 | INFO    | src.models.baseline.train | dialogue_only_logged_embedding | linear | train | log_roi | mae = 0.9184
2026-05-03 20:47:34 | INFO    | src.models.baseline.train | dialogue_only_logged_embedding | linear | train | log_roi | cvrmse = 0.9620
2026-05-03 20:47:34 | INFO    | src.models.baseline.train | dialogue_only_logged_embedding | linear | oof   | log_roi | mse = 1.7721 [CI 1.4649, 2.1657]
2026-05-03 20:47:34 | INFO    | src.models.baseline.train | dialogue_only_logged_embedding | linear | oof   | log_roi | rmse = 1.3312 [CI 1.2103, 1.4716]
2026-05-03 20:47:34 | INFO    | src.models.baseline.train | dialogue_only_logged_embedding | linear | oof   | log_roi | mae = 0.9424 [CI 0.8915, 0.9942]
2026-05-03 20:47:34 | INFO    | src.models.baseline.train | dialogue_only_logged_embedding | linear | oof   | log_roi | cvrmse = 0.9880 [CI 0.9138, 1.0689]
2026-05-03 20:47:39 | INFO    | src.models.baseline.train | dialogue_only_logged_embedding | linear | oof   | roi_gt_1 | auc_roc = 0.5608 [CI 0.5230, 0.6019]
2026-05-03 20:47:39 | INFO    | src.models.baseline.train | dialogue_only_logged_embedding | linear | oof   | roi_gt_1 | pr_auc = 0.8413 [CI 0.8155, 0.8698]
2026-05-03 20:47:39 | INFO    | src.models.baseline.train | dialogue_only_logged_embedding | linear | oof   | roi_gt_1 | log_loss = 0.5269 [CI 0.4824, 0.5683]
2026-05-03 20:47:39 | INFO    | src.models.baseline.train | dialogue_only_logged_embedding | linear | oof   | roi_gt_1 | f1 = 0.8872 [CI 0.8736, 0.9017]
2026-05-03 20:47:43 | INFO    | src.models.baseline.train | dialogue_only_logged_embedding | linear | oof   | roi_gt_2 | auc_roc = 0.6075 [CI 0.5753, 0.6409]
2026-05-03 20:47:43 | INFO    | src.models.baseline.train | dialogue_only_logged_embedding | linear | oof   | roi_gt_2 | pr_auc = 0.7269 [CI 0.6922, 0.7637]
2026-05-03 20:47:43 | INFO    | src.models.baseline.train | dialogue_only_logged_embedding | linear | oof   | roi_gt_2 | log_loss = 0.6432 [CI 0.6211, 0.6646]
2026-05-03 20:47:43 | INFO    | src.models.baseline.train | dialogue_only_logged_embedding | linear | oof   | roi_gt_2 | f1 = 0.7697 [CI 0.7497, 0.7900]
2026-05-03 20:47:43 | INFO    | src.models.baseline.train | dialogue_only_logged_embedding | histgb | train | log_roi | mse = 1.2464
2026-05-03 20:47:43 | INFO    | src.models.baseline.train | dialogue_only_logged_embedding | histgb | train | log_roi | rmse = 1.1164
2026-05-03 20:47:43 | INFO    | src.models.baseline.train | dialogue_only_logged_embedding | histgb | train | log_roi | mae = 0.7927
2026-05-03 20:47:43 | INFO    | src.models.baseline.train | dialogue_only_logged_embedding | histgb | train | log_roi | cvrmse = 0.8286
2026-05-03 20:47:45 | INFO    | src.models.baseline.train | dialogue_only_logged_embedding | histgb | oof   | log_roi | mse = 1.7375 [CI 1.4383, 2.1011]
2026-05-03 20:47:45 | INFO    | src.models.baseline.train | dialogue_only_logged_embedding | histgb | oof   | log_roi | rmse = 1.3181 [CI 1.1993, 1.4495]
2026-05-03 20:47:45 | INFO    | src.models.baseline.train | dialogue_only_logged_embedding | histgb | oof   | log_roi | mae = 0.9376 [CI 0.8859, 0.9876]
2026-05-03 20:47:45 | INFO    | src.models.baseline.train | dialogue_only_logged_embedding | histgb | oof   | log_roi | cvrmse = 0.9783 [CI 0.9039, 1.0552]
2026-05-03 20:47:49 | INFO    | src.models.baseline.train | dialogue_only_logged_embedding | histgb | oof   | roi_gt_1 | auc_roc = 0.5695 [CI 0.5287, 0.6124]
2026-05-03 20:47:49 | INFO    | src.models.baseline.train | dialogue_only_logged_embedding | histgb | oof   | roi_gt_1 | pr_auc = 0.8379 [CI 0.8112, 0.8690]
2026-05-03 20:47:49 | INFO    | src.models.baseline.train | dialogue_only_logged_embedding | histgb | oof   | roi_gt_1 | log_loss = 0.4839 [CI 0.4487, 0.5135]
2026-05-03 20:47:49 | INFO    | src.models.baseline.train | dialogue_only_logged_embedding | histgb | oof   | roi_gt_1 | f1 = 0.8944 [CI 0.8810, 0.9090]
2026-05-03 20:47:54 | INFO    | src.models.baseline.train | dialogue_only_logged_embedding | histgb | oof   | roi_gt_2 | auc_roc = 0.5733 [CI 0.5409, 0.6092]
2026-05-03 20:47:54 | INFO    | src.models.baseline.train | dialogue_only_logged_embedding | histgb | oof   | roi_gt_2 | pr_auc = 0.7156 [CI 0.6819, 0.7509]
2026-05-03 20:47:54 | INFO    | src.models.baseline.train | dialogue_only_logged_embedding | histgb | oof   | roi_gt_2 | log_loss = 0.6450 [CI 0.6248, 0.6630]
2026-05-03 20:47:54 | INFO    | src.models.baseline.train | dialogue_only_logged_embedding | histgb | oof   | roi_gt_2 | f1 = 0.7724 [CI 0.7520, 0.7943]
2026-05-03 20:47:54 | INFO    | src.models.baseline.train | dialogue_only_logged_embedding | knn | train | log_roi | mse = 0.0000
2026-05-03 20:47:54 | INFO    | src.models.baseline.train | dialogue_only_logged_embedding | knn | train | log_roi | rmse = 0.0000
2026-05-03 20:47:54 | INFO    | src.models.baseline.train | dialogue_only_logged_embedding | knn | train | log_roi | mae = 0.0000
2026-05-03 20:47:54 | INFO    | src.models.baseline.train | dialogue_only_logged_embedding | knn | train | log_roi | cvrmse = 0.0000
2026-05-03 20:47:55 | INFO    | src.models.baseline.train | dialogue_only_logged_embedding | knn | oof   | log_roi | mse = 1.8508 [CI 1.5379, 2.2305]
2026-05-03 20:47:55 | INFO    | src.models.baseline.train | dialogue_only_logged_embedding | knn | oof   | log_roi | rmse = 1.3605 [CI 1.2401, 1.4935]
2026-05-03 20:47:55 | INFO    | src.models.baseline.train | dialogue_only_logged_embedding | knn | oof   | log_roi | mae = 0.9704 [CI 0.9180, 1.0238]
2026-05-03 20:47:55 | INFO    | src.models.baseline.train | dialogue_only_logged_embedding | knn | oof   | log_roi | cvrmse = 1.0097 [CI 0.9368, 1.0862]
2026-05-03 20:47:58 | INFO    | src.models.baseline.train | dialogue_only_logged_embedding | knn | oof   | roi_gt_1 | auc_roc = 0.5648 [CI 0.5246, 0.6050]
2026-05-03 20:47:58 | INFO    | src.models.baseline.train | dialogue_only_logged_embedding | knn | oof   | roi_gt_1 | pr_auc = 0.8411 [CI 0.8158, 0.8688]
2026-05-03 20:47:58 | INFO    | src.models.baseline.train | dialogue_only_logged_embedding | knn | oof   | roi_gt_1 | log_loss = 0.5790 [CI 0.4850, 0.6850]
2026-05-03 20:47:58 | INFO    | src.models.baseline.train | dialogue_only_logged_embedding | knn | oof   | roi_gt_1 | f1 = 0.8934 [CI 0.8800, 0.9080]
2026-05-03 20:48:02 | INFO    | src.models.baseline.train | dialogue_only_logged_embedding | knn | oof   | roi_gt_2 | auc_roc = 0.6002 [CI 0.5657, 0.6323]
2026-05-03 20:48:02 | INFO    | src.models.baseline.train | dialogue_only_logged_embedding | knn | oof   | roi_gt_2 | pr_auc = 0.7324 [CI 0.6978, 0.7673]
2026-05-03 20:48:02 | INFO    | src.models.baseline.train | dialogue_only_logged_embedding | knn | oof   | roi_gt_2 | log_loss = 0.6396 [CI 0.6197, 0.6578]
2026-05-03 20:48:02 | INFO    | src.models.baseline.train | dialogue_only_logged_embedding | knn | oof   | roi_gt_2 | f1 = 0.7518 [CI 0.7306, 0.7740]
2026-05-03 20:48:02 | INFO    | src.models.baseline.train | dialogue_only_logged_embedding | svm | train | log_roi | mse = 1.2425
2026-05-03 20:48:02 | INFO    | src.models.baseline.train | dialogue_only_logged_embedding | svm | train | log_roi | rmse = 1.1147
2026-05-03 20:48:02 | INFO    | src.models.baseline.train | dialogue_only_logged_embedding | svm | train | log_roi | mae = 0.6647
2026-05-03 20:48:02 | INFO    | src.models.baseline.train | dialogue_only_logged_embedding | svm | train | log_roi | cvrmse = 0.8273
2026-05-03 20:48:03 | INFO    | src.models.baseline.train | dialogue_only_logged_embedding | svm | oof   | log_roi | mse = 1.7748 [CI 1.4591, 2.1558]
2026-05-03 20:48:03 | INFO    | src.models.baseline.train | dialogue_only_logged_embedding | svm | oof   | log_roi | rmse = 1.3322 [CI 1.2079, 1.4683]
2026-05-03 20:48:03 | INFO    | src.models.baseline.train | dialogue_only_logged_embedding | svm | oof   | log_roi | mae = 0.9319 [CI 0.8806, 0.9836]
2026-05-03 20:48:03 | INFO    | src.models.baseline.train | dialogue_only_logged_embedding | svm | oof   | log_roi | cvrmse = 0.9887 [CI 0.9099, 1.0720]
2026-05-03 20:48:06 | INFO    | src.models.baseline.train | dialogue_only_logged_embedding | svm | oof   | roi_gt_1 | auc_roc = 0.5602 [CI 0.5186, 0.6001]
2026-05-03 20:48:06 | INFO    | src.models.baseline.train | dialogue_only_logged_embedding | svm | oof   | roi_gt_1 | pr_auc = 0.8478 [CI 0.8225, 0.8747]
2026-05-03 20:48:06 | INFO    | src.models.baseline.train | dialogue_only_logged_embedding | svm | oof   | roi_gt_1 | f1 = 0.8934 [CI 0.8800, 0.9080]
2026-05-03 20:48:09 | INFO    | src.models.baseline.train | dialogue_only_logged_embedding | svm | oof   | roi_gt_2 | auc_roc = 0.6023 [CI 0.5694, 0.6349]
2026-05-03 20:48:09 | INFO    | src.models.baseline.train | dialogue_only_logged_embedding | svm | oof   | roi_gt_2 | pr_auc = 0.7286 [CI 0.6947, 0.7650]
2026-05-03 20:48:09 | INFO    | src.models.baseline.train | dialogue_only_logged_embedding | svm | oof   | roi_gt_2 | f1 = 0.7819 [CI 0.7621, 0.8035]
2026-05-03 20:48:09 | INFO    | __main__ | Ablation table written: 480 rows total
2026-05-03 20:48:09 | INFO    | src.experiments.save_run | Run finished: phase=phase_3 name=embedding_multifamily dir=runs/phase_3/20260503_2047_embedding_multifamily
