2026-05-03 17:19:23 | INFO    | src.experiments.save_run | Run started: phase=phase_3 name=lexical_multifamily dir=runs/phase_3/20260503_1719_lexical_multifamily
2026-05-03 17:19:23 | INFO    | __main__ | Starting lexical ablation evaluation across 4 families
2026-05-03 17:19:24 | INFO    | src.models.baseline.train | dialogue_only_logged_lexical | linear | log_roi | r2 = 0.0365 [CI 0.0138, 0.0601]
2026-05-03 17:19:24 | INFO    | src.models.baseline.train | dialogue_only_logged_lexical | linear | log_roi | mae = 0.9545 [CI 0.9020, 1.0093]
2026-05-03 17:19:24 | INFO    | src.models.baseline.train | dialogue_only_logged_lexical | linear | log_roi | rmse = 1.3497 [CI 1.2315, 1.4846]
2026-05-03 17:19:25 | INFO    | src.models.baseline.train | dialogue_only_logged_lexical | linear | roi_gt_1 | auc_roc = 0.5653 [CI 0.5268, 0.6054]
2026-05-03 17:19:25 | INFO    | src.models.baseline.train | dialogue_only_logged_lexical | linear | roi_gt_1 | pr_auc = 0.8439 [CI 0.8188, 0.8742]
2026-05-03 17:19:27 | INFO    | src.models.baseline.train | dialogue_only_logged_lexical | linear | roi_gt_2 | auc_roc = 0.5998 [CI 0.5703, 0.6332]
2026-05-03 17:19:27 | INFO    | src.models.baseline.train | dialogue_only_logged_lexical | linear | roi_gt_2 | pr_auc = 0.7288 [CI 0.6981, 0.7639]
2026-05-03 17:19:28 | INFO    | src.models.baseline.train | dialogue_only_logged_lexical | histgb | log_roi | r2 = 0.0598 [CI 0.0257, 0.0899]
2026-05-03 17:19:28 | INFO    | src.models.baseline.train | dialogue_only_logged_lexical | histgb | log_roi | mae = 0.9432 [CI 0.8893, 0.9950]
2026-05-03 17:19:28 | INFO    | src.models.baseline.train | dialogue_only_logged_lexical | histgb | log_roi | rmse = 1.3332 [CI 1.2167, 1.4577]
2026-05-03 17:19:29 | INFO    | src.models.baseline.train | dialogue_only_logged_lexical | histgb | roi_gt_1 | auc_roc = 0.5111 [CI 0.4708, 0.5495]
2026-05-03 17:19:29 | INFO    | src.models.baseline.train | dialogue_only_logged_lexical | histgb | roi_gt_1 | pr_auc = 0.8163 [CI 0.7894, 0.8472]
2026-05-03 17:19:31 | INFO    | src.models.baseline.train | dialogue_only_logged_lexical | histgb | roi_gt_2 | auc_roc = 0.5855 [CI 0.5529, 0.6186]
2026-05-03 17:19:31 | INFO    | src.models.baseline.train | dialogue_only_logged_lexical | histgb | roi_gt_2 | pr_auc = 0.7091 [CI 0.6743, 0.7477]
2026-05-03 17:19:31 | INFO    | src.models.baseline.train | dialogue_only_logged_lexical | knn | log_roi | r2 = -0.0060 [CI -0.0369, 0.0208]
2026-05-03 17:19:31 | INFO    | src.models.baseline.train | dialogue_only_logged_lexical | knn | log_roi | mae = 0.9793 [CI 0.9258, 1.0323]
2026-05-03 17:19:31 | INFO    | src.models.baseline.train | dialogue_only_logged_lexical | knn | log_roi | rmse = 1.3791 [CI 1.2611, 1.5108]
2026-05-03 17:19:32 | INFO    | src.models.baseline.train | dialogue_only_logged_lexical | knn | roi_gt_1 | auc_roc = 0.4942 [CI 0.4562, 0.5358]
2026-05-03 17:19:32 | INFO    | src.models.baseline.train | dialogue_only_logged_lexical | knn | roi_gt_1 | pr_auc = 0.8150 [CI 0.7885, 0.8469]
2026-05-03 17:19:33 | INFO    | src.models.baseline.train | dialogue_only_logged_lexical | knn | roi_gt_2 | auc_roc = 0.5480 [CI 0.5162, 0.5811]
2026-05-03 17:19:33 | INFO    | src.models.baseline.train | dialogue_only_logged_lexical | knn | roi_gt_2 | pr_auc = 0.7027 [CI 0.6725, 0.7405]
2026-05-03 17:19:34 | INFO    | src.models.baseline.train | dialogue_only_logged_lexical | svm | log_roi | r2 = 0.0342 [CI -0.0010, 0.0661]
2026-05-03 17:19:34 | INFO    | src.models.baseline.train | dialogue_only_logged_lexical | svm | log_roi | mae = 0.9472 [CI 0.8944, 0.9991]
2026-05-03 17:19:34 | INFO    | src.models.baseline.train | dialogue_only_logged_lexical | svm | log_roi | rmse = 1.3513 [CI 1.2336, 1.4793]
2026-05-03 17:19:35 | INFO    | src.models.baseline.train | dialogue_only_logged_lexical | svm | roi_gt_1 | auc_roc = 0.5186 [CI 0.4787, 0.5596]
2026-05-03 17:19:35 | INFO    | src.models.baseline.train | dialogue_only_logged_lexical | svm | roi_gt_1 | pr_auc = 0.8196 [CI 0.7909, 0.8514]
2026-05-03 17:19:36 | INFO    | src.models.baseline.train | dialogue_only_logged_lexical | svm | roi_gt_2 | auc_roc = 0.5651 [CI 0.5328, 0.5997]
2026-05-03 17:19:36 | INFO    | src.models.baseline.train | dialogue_only_logged_lexical | svm | roi_gt_2 | pr_auc = 0.6899 [CI 0.6536, 0.7273]
2026-05-03 17:19:36 | INFO    | __main__ | Ablation table written: 28 rows total
2026-05-03 17:19:36 | INFO    | src.experiments.save_run | Run finished: phase=phase_3 name=lexical_multifamily dir=runs/phase_3/20260503_1719_lexical_multifamily
