2026-05-03 21:56:48 | INFO    | src.experiments.save_run | Run started: phase=phase_3 name=combinations_topic_plus_cn dir=runs/phase_3/20260503_2156_combinations_topic_plus_cn
2026-05-03 21:56:48 | INFO    | __main__ | Phase 3c combination 'topic_plus_cn': 60 features (60 total columns)
2026-05-03 21:56:48 | INFO    | src.models.baseline.train | phase_3c_topic_plus_cn | linear | train | log_roi | mse = 1.6917
2026-05-03 21:56:48 | INFO    | src.models.baseline.train | phase_3c_topic_plus_cn | linear | train | log_roi | rmse = 1.3006
2026-05-03 21:56:48 | INFO    | src.models.baseline.train | phase_3c_topic_plus_cn | linear | train | log_roi | mae = 0.9196
2026-05-03 21:56:48 | INFO    | src.models.baseline.train | phase_3c_topic_plus_cn | linear | train | log_roi | cvrmse = 0.9653
2026-05-03 21:56:49 | INFO    | src.models.baseline.train | phase_3c_topic_plus_cn | linear | oof   | log_roi | mse = 1.8673 [CI 1.5560, 2.2563]
2026-05-03 21:56:49 | INFO    | src.models.baseline.train | phase_3c_topic_plus_cn | linear | oof   | log_roi | rmse = 1.3665 [CI 1.2474, 1.5021]
2026-05-03 21:56:49 | INFO    | src.models.baseline.train | phase_3c_topic_plus_cn | linear | oof   | log_roi | mae = 0.9648 [CI 0.9104, 1.0182]
2026-05-03 21:56:49 | INFO    | src.models.baseline.train | phase_3c_topic_plus_cn | linear | oof   | log_roi | cvrmse = 1.0141 [CI 0.9404, 1.0945]
2026-05-03 21:56:53 | INFO    | src.models.baseline.train | phase_3c_topic_plus_cn | linear | oof   | roi_gt_1 | auc_roc = 0.5792 [CI 0.5396, 0.6215]
2026-05-03 21:56:53 | INFO    | src.models.baseline.train | phase_3c_topic_plus_cn | linear | oof   | roi_gt_1 | pr_auc = 0.8502 [CI 0.8246, 0.8791]
2026-05-03 21:56:53 | INFO    | src.models.baseline.train | phase_3c_topic_plus_cn | linear | oof   | roi_gt_1 | log_loss = 0.5029 [CI 0.4640, 0.5418]
2026-05-03 21:56:53 | INFO    | src.models.baseline.train | phase_3c_topic_plus_cn | linear | oof   | roi_gt_1 | f1 = 0.8896 [CI 0.8762, 0.9032]
2026-05-03 21:56:58 | INFO    | src.models.baseline.train | phase_3c_topic_plus_cn | linear | oof   | roi_gt_2 | auc_roc = 0.6223 [CI 0.5910, 0.6553]
2026-05-03 21:56:58 | INFO    | src.models.baseline.train | phase_3c_topic_plus_cn | linear | oof   | roi_gt_2 | pr_auc = 0.7407 [CI 0.7084, 0.7755]
2026-05-03 21:56:58 | INFO    | src.models.baseline.train | phase_3c_topic_plus_cn | linear | oof   | roi_gt_2 | log_loss = 0.6404 [CI 0.6160, 0.6635]
2026-05-03 21:56:58 | INFO    | src.models.baseline.train | phase_3c_topic_plus_cn | linear | oof   | roi_gt_2 | f1 = 0.7546 [CI 0.7332, 0.7763]
2026-05-03 21:56:59 | INFO    | src.models.baseline.train | phase_3c_topic_plus_cn | histgb | train | log_roi | mse = 1.3466
2026-05-03 21:56:59 | INFO    | src.models.baseline.train | phase_3c_topic_plus_cn | histgb | train | log_roi | rmse = 1.1604
2026-05-03 21:56:59 | INFO    | src.models.baseline.train | phase_3c_topic_plus_cn | histgb | train | log_roi | mae = 0.8231
2026-05-03 21:56:59 | INFO    | src.models.baseline.train | phase_3c_topic_plus_cn | histgb | train | log_roi | cvrmse = 0.8612
2026-05-03 21:57:00 | INFO    | src.models.baseline.train | phase_3c_topic_plus_cn | histgb | oof   | log_roi | mse = 1.7886 [CI 1.4879, 2.1550]
2026-05-03 21:57:00 | INFO    | src.models.baseline.train | phase_3c_topic_plus_cn | histgb | oof   | log_roi | rmse = 1.3374 [CI 1.2198, 1.4680]
2026-05-03 21:57:00 | INFO    | src.models.baseline.train | phase_3c_topic_plus_cn | histgb | oof   | log_roi | mae = 0.9555 [CI 0.9028, 1.0068]
2026-05-03 21:57:00 | INFO    | src.models.baseline.train | phase_3c_topic_plus_cn | histgb | oof   | log_roi | cvrmse = 0.9925 [CI 0.9195, 1.0700]
2026-05-03 21:57:05 | INFO    | src.models.baseline.train | phase_3c_topic_plus_cn | histgb | oof   | roi_gt_1 | auc_roc = 0.5582 [CI 0.5185, 0.5997]
2026-05-03 21:57:05 | INFO    | src.models.baseline.train | phase_3c_topic_plus_cn | histgb | oof   | roi_gt_1 | pr_auc = 0.8365 [CI 0.8101, 0.8656]
2026-05-03 21:57:05 | INFO    | src.models.baseline.train | phase_3c_topic_plus_cn | histgb | oof   | roi_gt_1 | log_loss = 0.4858 [CI 0.4525, 0.5170]
2026-05-03 21:57:05 | INFO    | src.models.baseline.train | phase_3c_topic_plus_cn | histgb | oof   | roi_gt_1 | f1 = 0.8942 [CI 0.8813, 0.9085]
2026-05-03 21:57:10 | INFO    | src.models.baseline.train | phase_3c_topic_plus_cn | histgb | oof   | roi_gt_2 | auc_roc = 0.6130 [CI 0.5821, 0.6443]
2026-05-03 21:57:10 | INFO    | src.models.baseline.train | phase_3c_topic_plus_cn | histgb | oof   | roi_gt_2 | pr_auc = 0.7353 [CI 0.7028, 0.7733]
2026-05-03 21:57:10 | INFO    | src.models.baseline.train | phase_3c_topic_plus_cn | histgb | oof   | roi_gt_2 | log_loss = 0.6326 [CI 0.6117, 0.6523]
2026-05-03 21:57:10 | INFO    | src.models.baseline.train | phase_3c_topic_plus_cn | histgb | oof   | roi_gt_2 | f1 = 0.7782 [CI 0.7583, 0.7992]
2026-05-03 21:57:10 | INFO    | src.models.baseline.train | phase_3c_topic_plus_cn | knn | train | log_roi | mse = 0.0000
2026-05-03 21:57:10 | INFO    | src.models.baseline.train | phase_3c_topic_plus_cn | knn | train | log_roi | rmse = 0.0000
2026-05-03 21:57:10 | INFO    | src.models.baseline.train | phase_3c_topic_plus_cn | knn | train | log_roi | mae = 0.0000
2026-05-03 21:57:10 | INFO    | src.models.baseline.train | phase_3c_topic_plus_cn | knn | train | log_roi | cvrmse = 0.0000
2026-05-03 21:57:11 | INFO    | src.models.baseline.train | phase_3c_topic_plus_cn | knn | oof   | log_roi | mse = 1.9096 [CI 1.5957, 2.2979]
2026-05-03 21:57:11 | INFO    | src.models.baseline.train | phase_3c_topic_plus_cn | knn | oof   | log_roi | rmse = 1.3819 [CI 1.2632, 1.5159]
2026-05-03 21:57:11 | INFO    | src.models.baseline.train | phase_3c_topic_plus_cn | knn | oof   | log_roi | mae = 0.9762 [CI 0.9220, 1.0309]
2026-05-03 21:57:11 | INFO    | src.models.baseline.train | phase_3c_topic_plus_cn | knn | oof   | log_roi | cvrmse = 1.0256 [CI 0.9584, 1.0989]
2026-05-03 21:57:14 | INFO    | src.models.baseline.train | phase_3c_topic_plus_cn | knn | oof   | roi_gt_1 | auc_roc = 0.5610 [CI 0.5220, 0.5979]
2026-05-03 21:57:14 | INFO    | src.models.baseline.train | phase_3c_topic_plus_cn | knn | oof   | roi_gt_1 | pr_auc = 0.8470 [CI 0.8213, 0.8740]
2026-05-03 21:57:14 | INFO    | src.models.baseline.train | phase_3c_topic_plus_cn | knn | oof   | roi_gt_1 | log_loss = 0.5237 [CI 0.4672, 0.5997]
2026-05-03 21:57:14 | INFO    | src.models.baseline.train | phase_3c_topic_plus_cn | knn | oof   | roi_gt_1 | f1 = 0.8934 [CI 0.8805, 0.9080]
2026-05-03 21:57:18 | INFO    | src.models.baseline.train | phase_3c_topic_plus_cn | knn | oof   | roi_gt_2 | auc_roc = 0.5534 [CI 0.5215, 0.5896]
2026-05-03 21:57:18 | INFO    | src.models.baseline.train | phase_3c_topic_plus_cn | knn | oof   | roi_gt_2 | pr_auc = 0.6907 [CI 0.6568, 0.7309]
2026-05-03 21:57:18 | INFO    | src.models.baseline.train | phase_3c_topic_plus_cn | knn | oof   | roi_gt_2 | log_loss = 0.6571 [CI 0.6367, 0.6765]
2026-05-03 21:57:18 | INFO    | src.models.baseline.train | phase_3c_topic_plus_cn | knn | oof   | roi_gt_2 | f1 = 0.7570 [CI 0.7358, 0.7783]
2026-05-03 21:57:19 | INFO    | src.models.baseline.train | phase_3c_topic_plus_cn | svm | train | log_roi | mse = 1.2560
2026-05-03 21:57:19 | INFO    | src.models.baseline.train | phase_3c_topic_plus_cn | svm | train | log_roi | rmse = 1.1207
2026-05-03 21:57:19 | INFO    | src.models.baseline.train | phase_3c_topic_plus_cn | svm | train | log_roi | mae = 0.6807
2026-05-03 21:57:19 | INFO    | src.models.baseline.train | phase_3c_topic_plus_cn | svm | train | log_roi | cvrmse = 0.8318
2026-05-03 21:57:20 | INFO    | src.models.baseline.train | phase_3c_topic_plus_cn | svm | oof   | log_roi | mse = 1.8277 [CI 1.5134, 2.2060]
2026-05-03 21:57:20 | INFO    | src.models.baseline.train | phase_3c_topic_plus_cn | svm | oof   | log_roi | rmse = 1.3519 [CI 1.2302, 1.4852]
2026-05-03 21:57:20 | INFO    | src.models.baseline.train | phase_3c_topic_plus_cn | svm | oof   | log_roi | mae = 0.9567 [CI 0.9033, 1.0113]
2026-05-03 21:57:20 | INFO    | src.models.baseline.train | phase_3c_topic_plus_cn | svm | oof   | log_roi | cvrmse = 1.0033 [CI 0.9281, 1.0839]
2026-05-03 21:57:23 | INFO    | src.models.baseline.train | phase_3c_topic_plus_cn | svm | oof   | roi_gt_1 | auc_roc = 0.5855 [CI 0.5475, 0.6242]
2026-05-03 21:57:23 | INFO    | src.models.baseline.train | phase_3c_topic_plus_cn | svm | oof   | roi_gt_1 | pr_auc = 0.8546 [CI 0.8305, 0.8802]
2026-05-03 21:57:23 | INFO    | src.models.baseline.train | phase_3c_topic_plus_cn | svm | oof   | roi_gt_1 | f1 = 0.8934 [CI 0.8800, 0.9080]
2026-05-03 21:57:26 | INFO    | src.models.baseline.train | phase_3c_topic_plus_cn | svm | oof   | roi_gt_2 | auc_roc = 0.5766 [CI 0.5432, 0.6106]
2026-05-03 21:57:26 | INFO    | src.models.baseline.train | phase_3c_topic_plus_cn | svm | oof   | roi_gt_2 | pr_auc = 0.7027 [CI 0.6692, 0.7416]
2026-05-03 21:57:26 | INFO    | src.models.baseline.train | phase_3c_topic_plus_cn | svm | oof   | roi_gt_2 | f1 = 0.7762 [CI 0.7560, 0.7963]
2026-05-03 21:57:26 | INFO    | src.experiments.save_run | Run finished: phase=phase_3 name=combinations_topic_plus_cn dir=runs/phase_3/20260503_2156_combinations_topic_plus_cn
