2026-05-03 20:25:34 | INFO    | src.experiments.save_run | Run started: phase=phase_3 name=character_network_multifamily dir=runs/phase_3/20260503_2025_character_network_multifamily
2026-05-03 20:25:34 | INFO    | __main__ | Starting character-network ablation evaluation across 4 families
2026-05-03 20:25:35 | INFO    | src.models.baseline.train | dialogue_only_logged_character_network | linear | train | log_roi | mse = 1.7218
2026-05-03 20:25:35 | INFO    | src.models.baseline.train | dialogue_only_logged_character_network | linear | train | log_roi | rmse = 1.3122
2026-05-03 20:25:35 | INFO    | src.models.baseline.train | dialogue_only_logged_character_network | linear | train | log_roi | mae = 0.9293
2026-05-03 20:25:35 | INFO    | src.models.baseline.train | dialogue_only_logged_character_network | linear | train | log_roi | cvrmse = 0.9738
2026-05-03 20:25:35 | INFO    | src.models.baseline.train | dialogue_only_logged_character_network | linear | oof   | log_roi | mse = 1.8167 [CI 1.5074, 2.1901]
2026-05-03 20:25:35 | INFO    | src.models.baseline.train | dialogue_only_logged_character_network | linear | oof   | log_roi | rmse = 1.3479 [CI 1.2277, 1.4799]
2026-05-03 20:25:35 | INFO    | src.models.baseline.train | dialogue_only_logged_character_network | linear | oof   | log_roi | mae = 0.9531 [CI 0.9006, 1.0058]
2026-05-03 20:25:35 | INFO    | src.models.baseline.train | dialogue_only_logged_character_network | linear | oof   | log_roi | cvrmse = 1.0003 [CI 0.9278, 1.0785]
2026-05-03 20:25:39 | INFO    | src.models.baseline.train | dialogue_only_logged_character_network | linear | oof   | roi_gt_1 | auc_roc = 0.5715 [CI 0.5324, 0.6113]
2026-05-03 20:25:39 | INFO    | src.models.baseline.train | dialogue_only_logged_character_network | linear | oof   | roi_gt_1 | pr_auc = 0.8491 [CI 0.8250, 0.8768]
2026-05-03 20:25:39 | INFO    | src.models.baseline.train | dialogue_only_logged_character_network | linear | oof   | roi_gt_1 | log_loss = 0.5003 [CI 0.4632, 0.5346]
2026-05-03 20:25:39 | INFO    | src.models.baseline.train | dialogue_only_logged_character_network | linear | oof   | roi_gt_1 | f1 = 0.8901 [CI 0.8767, 0.9044]
2026-05-03 20:25:44 | INFO    | src.models.baseline.train | dialogue_only_logged_character_network | linear | oof   | roi_gt_2 | auc_roc = 0.6176 [CI 0.5866, 0.6507]
2026-05-03 20:25:44 | INFO    | src.models.baseline.train | dialogue_only_logged_character_network | linear | oof   | roi_gt_2 | pr_auc = 0.7395 [CI 0.7083, 0.7763]
2026-05-03 20:25:44 | INFO    | src.models.baseline.train | dialogue_only_logged_character_network | linear | oof   | roi_gt_2 | log_loss = 0.6333 [CI 0.6123, 0.6522]
2026-05-03 20:25:44 | INFO    | src.models.baseline.train | dialogue_only_logged_character_network | linear | oof   | roi_gt_2 | f1 = 0.7657 [CI 0.7453, 0.7868]
2026-05-03 20:25:44 | INFO    | src.models.baseline.train | dialogue_only_logged_character_network | histgb | train | log_roi | mse = 1.3500
2026-05-03 20:25:44 | INFO    | src.models.baseline.train | dialogue_only_logged_character_network | histgb | train | log_roi | rmse = 1.1619
2026-05-03 20:25:44 | INFO    | src.models.baseline.train | dialogue_only_logged_character_network | histgb | train | log_roi | mae = 0.8259
2026-05-03 20:25:44 | INFO    | src.models.baseline.train | dialogue_only_logged_character_network | histgb | train | log_roi | cvrmse = 0.8623
2026-05-03 20:25:45 | INFO    | src.models.baseline.train | dialogue_only_logged_character_network | histgb | oof   | log_roi | mse = 1.7632 [CI 1.4712, 2.1070]
2026-05-03 20:25:45 | INFO    | src.models.baseline.train | dialogue_only_logged_character_network | histgb | oof   | log_roi | rmse = 1.3278 [CI 1.2129, 1.4516]
2026-05-03 20:25:45 | INFO    | src.models.baseline.train | dialogue_only_logged_character_network | histgb | oof   | log_roi | mae = 0.9434 [CI 0.8902, 0.9939]
2026-05-03 20:25:45 | INFO    | src.models.baseline.train | dialogue_only_logged_character_network | histgb | oof   | log_roi | cvrmse = 0.9855 [CI 0.9149, 1.0586]
2026-05-03 20:25:49 | INFO    | src.models.baseline.train | dialogue_only_logged_character_network | histgb | oof   | roi_gt_1 | auc_roc = 0.5430 [CI 0.5018, 0.5854]
2026-05-03 20:25:49 | INFO    | src.models.baseline.train | dialogue_only_logged_character_network | histgb | oof   | roi_gt_1 | pr_auc = 0.8266 [CI 0.7977, 0.8571]
2026-05-03 20:25:49 | INFO    | src.models.baseline.train | dialogue_only_logged_character_network | histgb | oof   | roi_gt_1 | log_loss = 0.4868 [CI 0.4525, 0.5179]
2026-05-03 20:25:49 | INFO    | src.models.baseline.train | dialogue_only_logged_character_network | histgb | oof   | roi_gt_1 | f1 = 0.8937 [CI 0.8808, 0.9080]
2026-05-03 20:25:54 | INFO    | src.models.baseline.train | dialogue_only_logged_character_network | histgb | oof   | roi_gt_2 | auc_roc = 0.6139 [CI 0.5828, 0.6476]
2026-05-03 20:25:54 | INFO    | src.models.baseline.train | dialogue_only_logged_character_network | histgb | oof   | roi_gt_2 | pr_auc = 0.7358 [CI 0.7013, 0.7716]
2026-05-03 20:25:54 | INFO    | src.models.baseline.train | dialogue_only_logged_character_network | histgb | oof   | roi_gt_2 | log_loss = 0.6335 [CI 0.6147, 0.6514]
2026-05-03 20:25:54 | INFO    | src.models.baseline.train | dialogue_only_logged_character_network | histgb | oof   | roi_gt_2 | f1 = 0.7807 [CI 0.7621, 0.7998]
2026-05-03 20:25:54 | INFO    | src.models.baseline.train | dialogue_only_logged_character_network | knn | train | log_roi | mse = 0.0000
2026-05-03 20:25:54 | INFO    | src.models.baseline.train | dialogue_only_logged_character_network | knn | train | log_roi | rmse = 0.0000
2026-05-03 20:25:54 | INFO    | src.models.baseline.train | dialogue_only_logged_character_network | knn | train | log_roi | mae = 0.0000
2026-05-03 20:25:54 | INFO    | src.models.baseline.train | dialogue_only_logged_character_network | knn | train | log_roi | cvrmse = 0.0000
2026-05-03 20:25:54 | INFO    | src.models.baseline.train | dialogue_only_logged_character_network | knn | oof   | log_roi | mse = 1.8917 [CI 1.5743, 2.2876]
2026-05-03 20:25:54 | INFO    | src.models.baseline.train | dialogue_only_logged_character_network | knn | oof   | log_roi | rmse = 1.3754 [CI 1.2547, 1.5125]
2026-05-03 20:25:54 | INFO    | src.models.baseline.train | dialogue_only_logged_character_network | knn | oof   | log_roi | mae = 0.9727 [CI 0.9166, 1.0275]
2026-05-03 20:25:54 | INFO    | src.models.baseline.train | dialogue_only_logged_character_network | knn | oof   | log_roi | cvrmse = 1.0208 [CI 0.9479, 1.0992]
2026-05-03 20:25:58 | INFO    | src.models.baseline.train | dialogue_only_logged_character_network | knn | oof   | roi_gt_1 | auc_roc = 0.5436 [CI 0.5046, 0.5854]
2026-05-03 20:25:58 | INFO    | src.models.baseline.train | dialogue_only_logged_character_network | knn | oof   | roi_gt_1 | pr_auc = 0.8268 [CI 0.7984, 0.8563]
2026-05-03 20:25:58 | INFO    | src.models.baseline.train | dialogue_only_logged_character_network | knn | oof   | roi_gt_1 | log_loss = 0.5845 [CI 0.4944, 0.6964]
2026-05-03 20:25:58 | INFO    | src.models.baseline.train | dialogue_only_logged_character_network | knn | oof   | roi_gt_1 | f1 = 0.8948 [CI 0.8815, 0.9094]
2026-05-03 20:26:02 | INFO    | src.models.baseline.train | dialogue_only_logged_character_network | knn | oof   | roi_gt_2 | auc_roc = 0.6005 [CI 0.5682, 0.6340]
2026-05-03 20:26:02 | INFO    | src.models.baseline.train | dialogue_only_logged_character_network | knn | oof   | roi_gt_2 | pr_auc = 0.7300 [CI 0.6973, 0.7657]
2026-05-03 20:26:02 | INFO    | src.models.baseline.train | dialogue_only_logged_character_network | knn | oof   | roi_gt_2 | log_loss = 0.6384 [CI 0.6186, 0.6562]
2026-05-03 20:26:02 | INFO    | src.models.baseline.train | dialogue_only_logged_character_network | knn | oof   | roi_gt_2 | f1 = 0.7537 [CI 0.7320, 0.7761]
2026-05-03 20:26:02 | INFO    | src.models.baseline.train | dialogue_only_logged_character_network | svm | train | log_roi | mse = 1.3921
2026-05-03 20:26:02 | INFO    | src.models.baseline.train | dialogue_only_logged_character_network | svm | train | log_roi | rmse = 1.1799
2026-05-03 20:26:02 | INFO    | src.models.baseline.train | dialogue_only_logged_character_network | svm | train | log_roi | mae = 0.7368
2026-05-03 20:26:02 | INFO    | src.models.baseline.train | dialogue_only_logged_character_network | svm | train | log_roi | cvrmse = 0.8757
2026-05-03 20:26:03 | INFO    | src.models.baseline.train | dialogue_only_logged_character_network | svm | oof   | log_roi | mse = 1.8088 [CI 1.4961, 2.1778]
2026-05-03 20:26:03 | INFO    | src.models.baseline.train | dialogue_only_logged_character_network | svm | oof   | log_roi | rmse = 1.3449 [CI 1.2231, 1.4757]
2026-05-03 20:26:03 | INFO    | src.models.baseline.train | dialogue_only_logged_character_network | svm | oof   | log_roi | mae = 0.9402 [CI 0.8853, 0.9929]
2026-05-03 20:26:03 | INFO    | src.models.baseline.train | dialogue_only_logged_character_network | svm | oof   | log_roi | cvrmse = 0.9981 [CI 0.9223, 1.0766]
2026-05-03 20:26:06 | INFO    | src.models.baseline.train | dialogue_only_logged_character_network | svm | oof   | roi_gt_1 | auc_roc = 0.5336 [CI 0.4929, 0.5734]
2026-05-03 20:26:06 | INFO    | src.models.baseline.train | dialogue_only_logged_character_network | svm | oof   | roi_gt_1 | pr_auc = 0.8284 [CI 0.7997, 0.8587]
2026-05-03 20:26:06 | INFO    | src.models.baseline.train | dialogue_only_logged_character_network | svm | oof   | roi_gt_1 | f1 = 0.8939 [CI 0.8805, 0.9085]
2026-05-03 20:26:09 | INFO    | src.models.baseline.train | dialogue_only_logged_character_network | svm | oof   | roi_gt_2 | auc_roc = 0.5949 [CI 0.5620, 0.6294]
2026-05-03 20:26:09 | INFO    | src.models.baseline.train | dialogue_only_logged_character_network | svm | oof   | roi_gt_2 | pr_auc = 0.7224 [CI 0.6874, 0.7579]
2026-05-03 20:26:09 | INFO    | src.models.baseline.train | dialogue_only_logged_character_network | svm | oof   | roi_gt_2 | f1 = 0.7845 [CI 0.7652, 0.8039]
2026-05-03 20:26:09 | INFO    | __main__ | Ablation table written: 384 rows total
2026-05-03 20:26:09 | INFO    | src.experiments.save_run | Run finished: phase=phase_3 name=character_network_multifamily dir=runs/phase_3/20260503_2025_character_network_multifamily
