2026-05-03 21:57:26 | INFO    | src.experiments.save_run | Run started: phase=phase_3 name=combinations_semantic_trio dir=runs/phase_3/20260503_2157_combinations_semantic_trio
2026-05-03 21:57:26 | INFO    | __main__ | Phase 3c combination 'semantic_trio': 102 features (102 total columns)
2026-05-03 21:57:27 | INFO    | src.models.baseline.train | phase_3c_semantic_trio | linear | train | log_roi | mse = 1.6858
2026-05-03 21:57:27 | INFO    | src.models.baseline.train | phase_3c_semantic_trio | linear | train | log_roi | rmse = 1.2984
2026-05-03 21:57:27 | INFO    | src.models.baseline.train | phase_3c_semantic_trio | linear | train | log_roi | mae = 0.9147
2026-05-03 21:57:27 | INFO    | src.models.baseline.train | phase_3c_semantic_trio | linear | train | log_roi | cvrmse = 0.9636
2026-05-03 21:57:27 | INFO    | src.models.baseline.train | phase_3c_semantic_trio | linear | oof   | log_roi | mse = 1.8032 [CI 1.4906, 2.2000]
2026-05-03 21:57:27 | INFO    | src.models.baseline.train | phase_3c_semantic_trio | linear | oof   | log_roi | rmse = 1.3428 [CI 1.2209, 1.4833]
2026-05-03 21:57:27 | INFO    | src.models.baseline.train | phase_3c_semantic_trio | linear | oof   | log_roi | mae = 0.9462 [CI 0.8949, 1.0004]
2026-05-03 21:57:27 | INFO    | src.models.baseline.train | phase_3c_semantic_trio | linear | oof   | log_roi | cvrmse = 0.9966 [CI 0.9228, 1.0795]
2026-05-03 21:57:32 | INFO    | src.models.baseline.train | phase_3c_semantic_trio | linear | oof   | roi_gt_1 | auc_roc = 0.5578 [CI 0.5167, 0.5983]
2026-05-03 21:57:32 | INFO    | src.models.baseline.train | phase_3c_semantic_trio | linear | oof   | roi_gt_1 | pr_auc = 0.8404 [CI 0.8132, 0.8693]
2026-05-03 21:57:32 | INFO    | src.models.baseline.train | phase_3c_semantic_trio | linear | oof   | roi_gt_1 | log_loss = 0.5582 [CI 0.4947, 0.6289]
2026-05-03 21:57:32 | INFO    | src.models.baseline.train | phase_3c_semantic_trio | linear | oof   | roi_gt_1 | f1 = 0.8849 [CI 0.8716, 0.8995]
2026-05-03 21:57:38 | INFO    | src.models.baseline.train | phase_3c_semantic_trio | linear | oof   | roi_gt_2 | auc_roc = 0.5899 [CI 0.5547, 0.6235]
2026-05-03 21:57:38 | INFO    | src.models.baseline.train | phase_3c_semantic_trio | linear | oof   | roi_gt_2 | pr_auc = 0.7069 [CI 0.6732, 0.7452]
2026-05-03 21:57:38 | INFO    | src.models.baseline.train | phase_3c_semantic_trio | linear | oof   | roi_gt_2 | log_loss = 0.6463 [CI 0.6266, 0.6658]
2026-05-03 21:57:38 | INFO    | src.models.baseline.train | phase_3c_semantic_trio | linear | oof   | roi_gt_2 | f1 = 0.7700 [CI 0.7500, 0.7907]
2026-05-03 21:57:38 | INFO    | src.models.baseline.train | phase_3c_semantic_trio | histgb | train | log_roi | mse = 1.2093
2026-05-03 21:57:38 | INFO    | src.models.baseline.train | phase_3c_semantic_trio | histgb | train | log_roi | rmse = 1.0997
2026-05-03 21:57:38 | INFO    | src.models.baseline.train | phase_3c_semantic_trio | histgb | train | log_roi | mae = 0.7804
2026-05-03 21:57:38 | INFO    | src.models.baseline.train | phase_3c_semantic_trio | histgb | train | log_roi | cvrmse = 0.8161
2026-05-03 21:57:40 | INFO    | src.models.baseline.train | phase_3c_semantic_trio | histgb | oof   | log_roi | mse = 1.7783 [CI 1.4810, 2.1454]
2026-05-03 21:57:40 | INFO    | src.models.baseline.train | phase_3c_semantic_trio | histgb | oof   | log_roi | rmse = 1.3335 [CI 1.2170, 1.4647]
2026-05-03 21:57:40 | INFO    | src.models.baseline.train | phase_3c_semantic_trio | histgb | oof   | log_roi | mae = 0.9497 [CI 0.8965, 1.0002]
2026-05-03 21:57:40 | INFO    | src.models.baseline.train | phase_3c_semantic_trio | histgb | oof   | log_roi | cvrmse = 0.9897 [CI 0.9162, 1.0665]
2026-05-03 21:57:45 | INFO    | src.models.baseline.train | phase_3c_semantic_trio | histgb | oof   | roi_gt_1 | auc_roc = 0.5462 [CI 0.5070, 0.5875]
2026-05-03 21:57:45 | INFO    | src.models.baseline.train | phase_3c_semantic_trio | histgb | oof   | roi_gt_1 | pr_auc = 0.8283 [CI 0.8035, 0.8586]
2026-05-03 21:57:45 | INFO    | src.models.baseline.train | phase_3c_semantic_trio | histgb | oof   | roi_gt_1 | log_loss = 0.4886 [CI 0.4541, 0.5174]
2026-05-03 21:57:45 | INFO    | src.models.baseline.train | phase_3c_semantic_trio | histgb | oof   | roi_gt_1 | f1 = 0.8938 [CI 0.8809, 0.9084]
2026-05-03 21:57:51 | INFO    | src.models.baseline.train | phase_3c_semantic_trio | histgb | oof   | roi_gt_2 | auc_roc = 0.5705 [CI 0.5372, 0.6057]
2026-05-03 21:57:51 | INFO    | src.models.baseline.train | phase_3c_semantic_trio | histgb | oof   | roi_gt_2 | pr_auc = 0.7007 [CI 0.6678, 0.7407]
2026-05-03 21:57:51 | INFO    | src.models.baseline.train | phase_3c_semantic_trio | histgb | oof   | roi_gt_2 | log_loss = 0.6460 [CI 0.6256, 0.6643]
2026-05-03 21:57:51 | INFO    | src.models.baseline.train | phase_3c_semantic_trio | histgb | oof   | roi_gt_2 | f1 = 0.7733 [CI 0.7529, 0.7941]
2026-05-03 21:57:51 | INFO    | src.models.baseline.train | phase_3c_semantic_trio | knn | train | log_roi | mse = 0.0000
2026-05-03 21:57:51 | INFO    | src.models.baseline.train | phase_3c_semantic_trio | knn | train | log_roi | rmse = 0.0000
2026-05-03 21:57:51 | INFO    | src.models.baseline.train | phase_3c_semantic_trio | knn | train | log_roi | mae = 0.0000
2026-05-03 21:57:51 | INFO    | src.models.baseline.train | phase_3c_semantic_trio | knn | train | log_roi | cvrmse = 0.0000
2026-05-03 21:57:51 | INFO    | src.models.baseline.train | phase_3c_semantic_trio | knn | oof   | log_roi | mse = 1.8896 [CI 1.5837, 2.2910]
2026-05-03 21:57:51 | INFO    | src.models.baseline.train | phase_3c_semantic_trio | knn | oof   | log_roi | rmse = 1.3746 [CI 1.2585, 1.5136]
2026-05-03 21:57:51 | INFO    | src.models.baseline.train | phase_3c_semantic_trio | knn | oof   | log_roi | mae = 0.9825 [CI 0.9286, 1.0365]
2026-05-03 21:57:51 | INFO    | src.models.baseline.train | phase_3c_semantic_trio | knn | oof   | log_roi | cvrmse = 1.0202 [CI 0.9491, 1.0993]
2026-05-03 21:57:55 | INFO    | src.models.baseline.train | phase_3c_semantic_trio | knn | oof   | roi_gt_1 | auc_roc = 0.5383 [CI 0.4967, 0.5788]
2026-05-03 21:57:55 | INFO    | src.models.baseline.train | phase_3c_semantic_trio | knn | oof   | roi_gt_1 | pr_auc = 0.8267 [CI 0.8000, 0.8576]
2026-05-03 21:57:55 | INFO    | src.models.baseline.train | phase_3c_semantic_trio | knn | oof   | roi_gt_1 | log_loss = 0.6166 [CI 0.5054, 0.7461]
2026-05-03 21:57:55 | INFO    | src.models.baseline.train | phase_3c_semantic_trio | knn | oof   | roi_gt_1 | f1 = 0.8929 [CI 0.8794, 0.9075]
2026-05-03 21:57:59 | INFO    | src.models.baseline.train | phase_3c_semantic_trio | knn | oof   | roi_gt_2 | auc_roc = 0.5576 [CI 0.5248, 0.5898]
2026-05-03 21:57:59 | INFO    | src.models.baseline.train | phase_3c_semantic_trio | knn | oof   | roi_gt_2 | pr_auc = 0.6915 [CI 0.6558, 0.7325]
2026-05-03 21:57:59 | INFO    | src.models.baseline.train | phase_3c_semantic_trio | knn | oof   | roi_gt_2 | log_loss = 0.6603 [CI 0.6395, 0.6802]
2026-05-03 21:57:59 | INFO    | src.models.baseline.train | phase_3c_semantic_trio | knn | oof   | roi_gt_2 | f1 = 0.7486 [CI 0.7272, 0.7710]
2026-05-03 21:58:00 | INFO    | src.models.baseline.train | phase_3c_semantic_trio | svm | train | log_roi | mse = 1.1615
2026-05-03 21:58:00 | INFO    | src.models.baseline.train | phase_3c_semantic_trio | svm | train | log_roi | rmse = 1.0777
2026-05-03 21:58:00 | INFO    | src.models.baseline.train | phase_3c_semantic_trio | svm | train | log_roi | mae = 0.6275
2026-05-03 21:58:00 | INFO    | src.models.baseline.train | phase_3c_semantic_trio | svm | train | log_roi | cvrmse = 0.7998
2026-05-03 21:58:00 | INFO    | src.models.baseline.train | phase_3c_semantic_trio | svm | oof   | log_roi | mse = 1.8233 [CI 1.5144, 2.2127]
2026-05-03 21:58:00 | INFO    | src.models.baseline.train | phase_3c_semantic_trio | svm | oof   | log_roi | rmse = 1.3503 [CI 1.2306, 1.4875]
2026-05-03 21:58:00 | INFO    | src.models.baseline.train | phase_3c_semantic_trio | svm | oof   | log_roi | mae = 0.9572 [CI 0.9065, 1.0097]
2026-05-03 21:58:00 | INFO    | src.models.baseline.train | phase_3c_semantic_trio | svm | oof   | log_roi | cvrmse = 1.0021 [CI 0.9266, 1.0834]
2026-05-03 21:58:04 | INFO    | src.models.baseline.train | phase_3c_semantic_trio | svm | oof   | roi_gt_1 | auc_roc = 0.5506 [CI 0.5068, 0.5916]
2026-05-03 21:58:04 | INFO    | src.models.baseline.train | phase_3c_semantic_trio | svm | oof   | roi_gt_1 | pr_auc = 0.8336 [CI 0.8059, 0.8620]
2026-05-03 21:58:04 | INFO    | src.models.baseline.train | phase_3c_semantic_trio | svm | oof   | roi_gt_1 | f1 = 0.8934 [CI 0.8800, 0.9080]
2026-05-03 21:58:07 | INFO    | src.models.baseline.train | phase_3c_semantic_trio | svm | oof   | roi_gt_2 | auc_roc = 0.5910 [CI 0.5581, 0.6233]
2026-05-03 21:58:07 | INFO    | src.models.baseline.train | phase_3c_semantic_trio | svm | oof   | roi_gt_2 | pr_auc = 0.7053 [CI 0.6710, 0.7446]
2026-05-03 21:58:07 | INFO    | src.models.baseline.train | phase_3c_semantic_trio | svm | oof   | roi_gt_2 | f1 = 0.7752 [CI 0.7548, 0.7957]
2026-05-03 21:58:07 | INFO    | src.experiments.save_run | Run finished: phase=phase_3 name=combinations_semantic_trio dir=runs/phase_3/20260503_2157_combinations_semantic_trio
