2026-05-03 18:11:08 | INFO    | src.experiments.save_run | Run started: phase=phase_3 name=lexical_multifamily dir=runs/phase_3/20260503_1811_lexical_multifamily
2026-05-03 18:11:08 | INFO    | __main__ | Starting lexical ablation evaluation across 4 families
2026-05-03 18:11:08 | INFO    | src.models.baseline.train | dialogue_only_logged_lexical | linear | train | log_roi | mse = 1.7359
2026-05-03 18:11:08 | INFO    | src.models.baseline.train | dialogue_only_logged_lexical | linear | train | log_roi | rmse = 1.3175
2026-05-03 18:11:08 | INFO    | src.models.baseline.train | dialogue_only_logged_lexical | linear | train | log_roi | mae = 0.9346
2026-05-03 18:11:08 | INFO    | src.models.baseline.train | dialogue_only_logged_lexical | linear | train | log_roi | cvrmse = 0.9778
2026-05-03 18:11:09 | INFO    | src.models.baseline.train | dialogue_only_logged_lexical | linear | oof   | log_roi | mse = 1.8216 [CI 1.5166, 2.2041]
2026-05-03 18:11:09 | INFO    | src.models.baseline.train | dialogue_only_logged_lexical | linear | oof   | log_roi | rmse = 1.3497 [CI 1.2315, 1.4846]
2026-05-03 18:11:09 | INFO    | src.models.baseline.train | dialogue_only_logged_lexical | linear | oof   | log_roi | mae = 0.9545 [CI 0.9020, 1.0093]
2026-05-03 18:11:09 | INFO    | src.models.baseline.train | dialogue_only_logged_lexical | linear | oof   | log_roi | cvrmse = 1.0017 [CI 0.9283, 1.0790]
2026-05-03 18:11:13 | INFO    | src.models.baseline.train | dialogue_only_logged_lexical | linear | oof   | roi_gt_1 | auc_roc = 0.5653 [CI 0.5268, 0.6054]
2026-05-03 18:11:13 | INFO    | src.models.baseline.train | dialogue_only_logged_lexical | linear | oof   | roi_gt_1 | pr_auc = 0.8439 [CI 0.8188, 0.8742]
2026-05-03 18:11:13 | INFO    | src.models.baseline.train | dialogue_only_logged_lexical | linear | oof   | roi_gt_1 | log_loss = 0.5138 [CI 0.4713, 0.5513]
2026-05-03 18:11:13 | INFO    | src.models.baseline.train | dialogue_only_logged_lexical | linear | oof   | roi_gt_1 | f1 = 0.8918 [CI 0.8783, 0.9064]
2026-05-03 18:11:18 | INFO    | src.models.baseline.train | dialogue_only_logged_lexical | linear | oof   | roi_gt_2 | auc_roc = 0.5998 [CI 0.5703, 0.6332]
2026-05-03 18:11:18 | INFO    | src.models.baseline.train | dialogue_only_logged_lexical | linear | oof   | roi_gt_2 | pr_auc = 0.7288 [CI 0.6981, 0.7639]
2026-05-03 18:11:18 | INFO    | src.models.baseline.train | dialogue_only_logged_lexical | linear | oof   | roi_gt_2 | log_loss = 0.6381 [CI 0.6191, 0.6554]
2026-05-03 18:11:18 | INFO    | src.models.baseline.train | dialogue_only_logged_lexical | linear | oof   | roi_gt_2 | f1 = 0.7734 [CI 0.7539, 0.7944]
2026-05-03 18:11:18 | INFO    | src.models.baseline.train | dialogue_only_logged_lexical | histgb | train | log_roi | mse = 1.1929
2026-05-03 18:11:18 | INFO    | src.models.baseline.train | dialogue_only_logged_lexical | histgb | train | log_roi | rmse = 1.0922
2026-05-03 18:11:18 | INFO    | src.models.baseline.train | dialogue_only_logged_lexical | histgb | train | log_roi | mae = 0.7724
2026-05-03 18:11:18 | INFO    | src.models.baseline.train | dialogue_only_logged_lexical | histgb | train | log_roi | cvrmse = 0.8106
2026-05-03 18:11:19 | INFO    | src.models.baseline.train | dialogue_only_logged_lexical | histgb | oof   | log_roi | mse = 1.7775 [CI 1.4803, 2.1250]
2026-05-03 18:11:19 | INFO    | src.models.baseline.train | dialogue_only_logged_lexical | histgb | oof   | log_roi | rmse = 1.3332 [CI 1.2167, 1.4577]
2026-05-03 18:11:19 | INFO    | src.models.baseline.train | dialogue_only_logged_lexical | histgb | oof   | log_roi | mae = 0.9432 [CI 0.8893, 0.9950]
2026-05-03 18:11:19 | INFO    | src.models.baseline.train | dialogue_only_logged_lexical | histgb | oof   | log_roi | cvrmse = 0.9895 [CI 0.9174, 1.0641]
2026-05-03 18:11:24 | INFO    | src.models.baseline.train | dialogue_only_logged_lexical | histgb | oof   | roi_gt_1 | auc_roc = 0.5111 [CI 0.4708, 0.5495]
2026-05-03 18:11:24 | INFO    | src.models.baseline.train | dialogue_only_logged_lexical | histgb | oof   | roi_gt_1 | pr_auc = 0.8163 [CI 0.7894, 0.8472]
2026-05-03 18:11:24 | INFO    | src.models.baseline.train | dialogue_only_logged_lexical | histgb | oof   | roi_gt_1 | log_loss = 0.4945 [CI 0.4579, 0.5255]
2026-05-03 18:11:24 | INFO    | src.models.baseline.train | dialogue_only_logged_lexical | histgb | oof   | roi_gt_1 | f1 = 0.8929 [CI 0.8794, 0.9080]
2026-05-03 18:11:28 | INFO    | src.models.baseline.train | dialogue_only_logged_lexical | histgb | oof   | roi_gt_2 | auc_roc = 0.5855 [CI 0.5529, 0.6186]
2026-05-03 18:11:28 | INFO    | src.models.baseline.train | dialogue_only_logged_lexical | histgb | oof   | roi_gt_2 | pr_auc = 0.7091 [CI 0.6743, 0.7477]
2026-05-03 18:11:28 | INFO    | src.models.baseline.train | dialogue_only_logged_lexical | histgb | oof   | roi_gt_2 | log_loss = 0.6426 [CI 0.6228, 0.6609]
2026-05-03 18:11:28 | INFO    | src.models.baseline.train | dialogue_only_logged_lexical | histgb | oof   | roi_gt_2 | f1 = 0.7799 [CI 0.7602, 0.7998]
2026-05-03 18:11:29 | INFO    | src.models.baseline.train | dialogue_only_logged_lexical | knn | train | log_roi | mse = 0.0000
2026-05-03 18:11:29 | INFO    | src.models.baseline.train | dialogue_only_logged_lexical | knn | train | log_roi | rmse = 0.0000
2026-05-03 18:11:29 | INFO    | src.models.baseline.train | dialogue_only_logged_lexical | knn | train | log_roi | mae = 0.0000
2026-05-03 18:11:29 | INFO    | src.models.baseline.train | dialogue_only_logged_lexical | knn | train | log_roi | cvrmse = 0.0000
2026-05-03 18:11:29 | INFO    | src.models.baseline.train | dialogue_only_logged_lexical | knn | oof   | log_roi | mse = 1.9019 [CI 1.5903, 2.2826]
2026-05-03 18:11:29 | INFO    | src.models.baseline.train | dialogue_only_logged_lexical | knn | oof   | log_roi | rmse = 1.3791 [CI 1.2611, 1.5108]
2026-05-03 18:11:29 | INFO    | src.models.baseline.train | dialogue_only_logged_lexical | knn | oof   | log_roi | mae = 0.9793 [CI 0.9258, 1.0323]
2026-05-03 18:11:29 | INFO    | src.models.baseline.train | dialogue_only_logged_lexical | knn | oof   | log_roi | cvrmse = 1.0235 [CI 0.9488, 1.1001]
2026-05-03 18:11:33 | INFO    | src.models.baseline.train | dialogue_only_logged_lexical | knn | oof   | roi_gt_1 | auc_roc = 0.4942 [CI 0.4562, 0.5358]
2026-05-03 18:11:33 | INFO    | src.models.baseline.train | dialogue_only_logged_lexical | knn | oof   | roi_gt_1 | pr_auc = 0.8150 [CI 0.7885, 0.8469]
2026-05-03 18:11:33 | INFO    | src.models.baseline.train | dialogue_only_logged_lexical | knn | oof   | roi_gt_1 | log_loss = 0.5967 [CI 0.5067, 0.7162]
2026-05-03 18:11:33 | INFO    | src.models.baseline.train | dialogue_only_logged_lexical | knn | oof   | roi_gt_1 | f1 = 0.8934 [CI 0.8799, 0.9085]
2026-05-03 18:11:36 | INFO    | src.models.baseline.train | dialogue_only_logged_lexical | knn | oof   | roi_gt_2 | auc_roc = 0.5480 [CI 0.5162, 0.5811]
2026-05-03 18:11:36 | INFO    | src.models.baseline.train | dialogue_only_logged_lexical | knn | oof   | roi_gt_2 | pr_auc = 0.7027 [CI 0.6725, 0.7405]
2026-05-03 18:11:36 | INFO    | src.models.baseline.train | dialogue_only_logged_lexical | knn | oof   | roi_gt_2 | log_loss = 0.6600 [CI 0.6378, 0.6777]
2026-05-03 18:11:36 | INFO    | src.models.baseline.train | dialogue_only_logged_lexical | knn | oof   | roi_gt_2 | f1 = 0.7457 [CI 0.7252, 0.7688]
2026-05-03 18:11:37 | INFO    | src.models.baseline.train | dialogue_only_logged_lexical | svm | train | log_roi | mse = 1.4268
2026-05-03 18:11:37 | INFO    | src.models.baseline.train | dialogue_only_logged_lexical | svm | train | log_roi | rmse = 1.1945
2026-05-03 18:11:37 | INFO    | src.models.baseline.train | dialogue_only_logged_lexical | svm | train | log_roi | mae = 0.7524
2026-05-03 18:11:37 | INFO    | src.models.baseline.train | dialogue_only_logged_lexical | svm | train | log_roi | cvrmse = 0.8865
2026-05-03 18:11:37 | INFO    | src.models.baseline.train | dialogue_only_logged_lexical | svm | oof   | log_roi | mse = 1.8260 [CI 1.5218, 2.1882]
2026-05-03 18:11:37 | INFO    | src.models.baseline.train | dialogue_only_logged_lexical | svm | oof   | log_roi | rmse = 1.3513 [CI 1.2336, 1.4793]
2026-05-03 18:11:37 | INFO    | src.models.baseline.train | dialogue_only_logged_lexical | svm | oof   | log_roi | mae = 0.9472 [CI 0.8944, 0.9991]
2026-05-03 18:11:37 | INFO    | src.models.baseline.train | dialogue_only_logged_lexical | svm | oof   | log_roi | cvrmse = 1.0029 [CI 0.9264, 1.0792]
2026-05-03 18:11:40 | INFO    | src.models.baseline.train | dialogue_only_logged_lexical | svm | oof   | roi_gt_1 | auc_roc = 0.5186 [CI 0.4787, 0.5596]
2026-05-03 18:11:40 | INFO    | src.models.baseline.train | dialogue_only_logged_lexical | svm | oof   | roi_gt_1 | pr_auc = 0.8196 [CI 0.7909, 0.8514]
2026-05-03 18:11:40 | INFO    | src.models.baseline.train | dialogue_only_logged_lexical | svm | oof   | roi_gt_1 | f1 = 0.8934 [CI 0.8800, 0.9080]
2026-05-03 18:11:44 | INFO    | src.models.baseline.train | dialogue_only_logged_lexical | svm | oof   | roi_gt_2 | auc_roc = 0.5651 [CI 0.5328, 0.5997]
2026-05-03 18:11:44 | INFO    | src.models.baseline.train | dialogue_only_logged_lexical | svm | oof   | roi_gt_2 | pr_auc = 0.6899 [CI 0.6536, 0.7273]
2026-05-03 18:11:44 | INFO    | src.models.baseline.train | dialogue_only_logged_lexical | svm | oof   | roi_gt_2 | f1 = 0.7747 [CI 0.7552, 0.7947]
2026-05-03 18:11:44 | INFO    | __main__ | Ablation table written: 0 rows total
2026-05-03 18:11:44 | INFO    | src.experiments.save_run | Run finished: phase=phase_3 name=lexical_multifamily dir=runs/phase_3/20260503_1811_lexical_multifamily
