2026-05-04 14:31:06 | INFO    | src.experiments.save_run | Run started: phase=phase_4_v2 name=standalone_positive_union_random_forest dir=runs/phase_4_v2/20260504_1431_standalone_positive_union_random_forest
2026-05-04 14:31:06 | INFO    | src.models.phase4.benchmark | Eval: matrix=standalone_positive_union family=random_forest target=log_roi task=regression
2026-05-04 14:31:06 | INFO    | src.models.phase4.cv | Inner GridSearchCV: family=random_forest task=regression X.shape=(1460, 92)
2026-05-04 14:33:02 | INFO    | src.models.phase4.cv | Inner CV best: family=random_forest task=regression score=-1.2976 params={'model__max_depth': 12, 'model__min_samples_leaf': 20, 'model__n_estimators': 500}
2026-05-04 14:33:02 | INFO    | src.models.phase4.cv | Repeated outer CV (3x5): family=random_forest task=regression
2026-05-04 14:33:11 | DEBUG   | src.models.phase4.cv | Fold 1/15 done (random_forest, regression): mse=1.9068, rmse=1.3809, mae=0.9866, cvrmse=1.0302
2026-05-04 14:33:20 | DEBUG   | src.models.phase4.cv | Fold 2/15 done (random_forest, regression): mse=1.5742, rmse=1.2547, mae=0.9226, cvrmse=0.9582
2026-05-04 14:33:29 | DEBUG   | src.models.phase4.cv | Fold 3/15 done (random_forest, regression): mse=1.5416, rmse=1.2416, mae=0.9345, cvrmse=0.9067
2026-05-04 14:33:38 | DEBUG   | src.models.phase4.cv | Fold 4/15 done (random_forest, regression): mse=1.5838, rmse=1.2585, mae=0.9370, cvrmse=0.9634
2026-05-04 14:33:47 | DEBUG   | src.models.phase4.cv | Fold 5/15 done (random_forest, regression): mse=1.8293, rmse=1.3525, mae=0.9874, cvrmse=0.9958
2026-05-04 14:33:56 | DEBUG   | src.models.phase4.cv | Fold 6/15 done (random_forest, regression): mse=1.7384, rmse=1.3185, mae=0.9438, cvrmse=0.9598
2026-05-04 14:34:04 | DEBUG   | src.models.phase4.cv | Fold 7/15 done (random_forest, regression): mse=1.4684, rmse=1.2118, mae=0.9088, cvrmse=0.9713
2026-05-04 14:34:13 | DEBUG   | src.models.phase4.cv | Fold 8/15 done (random_forest, regression): mse=2.0163, rmse=1.4200, mae=0.9928, cvrmse=1.0669
2026-05-04 14:34:23 | DEBUG   | src.models.phase4.cv | Fold 9/15 done (random_forest, regression): mse=1.5159, rmse=1.2312, mae=0.9255, cvrmse=0.9204
2026-05-04 14:34:32 | DEBUG   | src.models.phase4.cv | Fold 10/15 done (random_forest, regression): mse=1.8346, rmse=1.3545, mae=1.0348, cvrmse=0.9719
2026-05-04 14:34:41 | DEBUG   | src.models.phase4.cv | Fold 11/15 done (random_forest, regression): mse=1.4570, rmse=1.2071, mae=0.8973, cvrmse=0.8996
2026-05-04 14:34:49 | DEBUG   | src.models.phase4.cv | Fold 12/15 done (random_forest, regression): mse=1.8355, rmse=1.3548, mae=0.9682, cvrmse=0.9833
2026-05-04 14:34:58 | DEBUG   | src.models.phase4.cv | Fold 13/15 done (random_forest, regression): mse=1.8410, rmse=1.3568, mae=0.9794, cvrmse=0.9975
2026-05-04 14:35:07 | DEBUG   | src.models.phase4.cv | Fold 14/15 done (random_forest, regression): mse=1.8580, rmse=1.3631, mae=1.0217, cvrmse=1.0099
2026-05-04 14:35:16 | DEBUG   | src.models.phase4.cv | Fold 15/15 done (random_forest, regression): mse=1.5937, rmse=1.2624, mae=0.9565, cvrmse=1.0065
2026-05-04 14:35:29 | INFO    | src.models.phase4.benchmark | Done: matrix=standalone_positive_union family=random_forest target=log_roi OOF=cvrmse=0.9747, mae=0.9567, mse=1.6975, rmse=1.3029 inner_best_params={'model__max_depth': 12, 'model__min_samples_leaf': 20, 'model__n_estimators': 500}
2026-05-04 14:35:29 | INFO    | src.models.phase4.benchmark | Eval: matrix=standalone_positive_union family=random_forest target=roi_gt_1 task=classification
2026-05-04 14:35:29 | INFO    | src.models.phase4.cv | Inner GridSearchCV: family=random_forest task=classification X.shape=(1460, 92)
2026-05-04 14:35:43 | INFO    | src.models.phase4.cv | Inner CV best: family=random_forest task=classification score=0.5929 params={'model__max_depth': 6, 'model__min_samples_leaf': 5, 'model__n_estimators': 500}
2026-05-04 14:35:43 | INFO    | src.models.phase4.cv | Repeated outer CV (3x5): family=random_forest task=classification
2026-05-04 14:35:45 | DEBUG   | src.models.phase4.cv | Fold 1/15 done (random_forest, classification): auc_roc=0.6076, pr_auc=0.8488, log_loss=0.5826, f1=0.8594
2026-05-04 14:35:46 | DEBUG   | src.models.phase4.cv | Fold 2/15 done (random_forest, classification): auc_roc=0.5992, pr_auc=0.8569, log_loss=0.5811, f1=0.8651
2026-05-04 14:35:47 | DEBUG   | src.models.phase4.cv | Fold 3/15 done (random_forest, classification): auc_roc=0.5934, pr_auc=0.8559, log_loss=0.5882, f1=0.8444
2026-05-04 14:35:48 | DEBUG   | src.models.phase4.cv | Fold 4/15 done (random_forest, classification): auc_roc=0.5963, pr_auc=0.8380, log_loss=0.5821, f1=0.8659
2026-05-04 14:35:49 | DEBUG   | src.models.phase4.cv | Fold 5/15 done (random_forest, classification): auc_roc=0.5682, pr_auc=0.8206, log_loss=0.6073, f1=0.8230
2026-05-04 14:35:50 | DEBUG   | src.models.phase4.cv | Fold 6/15 done (random_forest, classification): auc_roc=0.5441, pr_auc=0.8188, log_loss=0.6018, f1=0.8351
2026-05-04 14:35:51 | DEBUG   | src.models.phase4.cv | Fold 7/15 done (random_forest, classification): auc_roc=0.5914, pr_auc=0.8558, log_loss=0.5891, f1=0.8391
2026-05-04 14:35:53 | DEBUG   | src.models.phase4.cv | Fold 8/15 done (random_forest, classification): auc_roc=0.6052, pr_auc=0.8627, log_loss=0.5877, f1=0.8438
2026-05-04 14:35:54 | DEBUG   | src.models.phase4.cv | Fold 9/15 done (random_forest, classification): auc_roc=0.6979, pr_auc=0.8900, log_loss=0.5701, f1=0.8787
2026-05-04 14:35:55 | DEBUG   | src.models.phase4.cv | Fold 10/15 done (random_forest, classification): auc_roc=0.5862, pr_auc=0.8363, log_loss=0.5891, f1=0.8495
2026-05-04 14:35:56 | DEBUG   | src.models.phase4.cv | Fold 11/15 done (random_forest, classification): auc_roc=0.6102, pr_auc=0.8578, log_loss=0.5859, f1=0.8566
2026-05-04 14:35:57 | DEBUG   | src.models.phase4.cv | Fold 12/15 done (random_forest, classification): auc_roc=0.5930, pr_auc=0.8615, log_loss=0.5886, f1=0.8525
2026-05-04 14:35:58 | DEBUG   | src.models.phase4.cv | Fold 13/15 done (random_forest, classification): auc_roc=0.6412, pr_auc=0.8671, log_loss=0.5682, f1=0.8715
2026-05-04 14:35:59 | DEBUG   | src.models.phase4.cv | Fold 14/15 done (random_forest, classification): auc_roc=0.6291, pr_auc=0.8490, log_loss=0.5823, f1=0.8507
2026-05-04 14:36:01 | DEBUG   | src.models.phase4.cv | Fold 15/15 done (random_forest, classification): auc_roc=0.5879, pr_auc=0.8459, log_loss=0.5894, f1=0.8388
2026-05-04 14:36:04 | INFO    | src.models.phase4.benchmark | Done: matrix=standalone_positive_union family=random_forest target=roi_gt_1 OOF=auc_roc=0.6060, f1=0.8551, log_loss=0.5853, pr_auc=0.8488 inner_best_params={'model__max_depth': 6, 'model__min_samples_leaf': 5, 'model__n_estimators': 500}
2026-05-04 14:36:04 | INFO    | src.models.phase4.benchmark | Eval: matrix=standalone_positive_union family=random_forest target=roi_gt_2 task=classification
2026-05-04 14:36:04 | INFO    | src.models.phase4.cv | Inner GridSearchCV: family=random_forest task=classification X.shape=(1460, 92)
2026-05-04 14:36:18 | INFO    | src.models.phase4.cv | Inner CV best: family=random_forest task=classification score=0.6007 params={'model__max_depth': 12, 'model__min_samples_leaf': 1, 'model__n_estimators': 200}
2026-05-04 14:36:18 | INFO    | src.models.phase4.cv | Repeated outer CV (3x5): family=random_forest task=classification
2026-05-04 14:36:19 | DEBUG   | src.models.phase4.cv | Fold 1/15 done (random_forest, classification): auc_roc=0.6148, pr_auc=0.7084, log_loss=0.6474, f1=0.7576
2026-05-04 14:36:20 | DEBUG   | src.models.phase4.cv | Fold 2/15 done (random_forest, classification): auc_roc=0.6258, pr_auc=0.7381, log_loss=0.6450, f1=0.7529
2026-05-04 14:36:21 | DEBUG   | src.models.phase4.cv | Fold 3/15 done (random_forest, classification): auc_roc=0.5148, pr_auc=0.6562, log_loss=0.6719, f1=0.7289
2026-05-04 14:36:21 | DEBUG   | src.models.phase4.cv | Fold 4/15 done (random_forest, classification): auc_roc=0.6433, pr_auc=0.7241, log_loss=0.6400, f1=0.7615
2026-05-04 14:36:22 | DEBUG   | src.models.phase4.cv | Fold 5/15 done (random_forest, classification): auc_roc=0.6049, pr_auc=0.7268, log_loss=0.6499, f1=0.7160
2026-05-04 14:36:23 | DEBUG   | src.models.phase4.cv | Fold 6/15 done (random_forest, classification): auc_roc=0.5634, pr_auc=0.6865, log_loss=0.6624, f1=0.7243
2026-05-04 14:36:23 | DEBUG   | src.models.phase4.cv | Fold 7/15 done (random_forest, classification): auc_roc=0.6248, pr_auc=0.7302, log_loss=0.6472, f1=0.7494
2026-05-04 14:36:24 | DEBUG   | src.models.phase4.cv | Fold 8/15 done (random_forest, classification): auc_roc=0.6251, pr_auc=0.7137, log_loss=0.6448, f1=0.7588
2026-05-04 14:36:25 | DEBUG   | src.models.phase4.cv | Fold 9/15 done (random_forest, classification): auc_roc=0.5651, pr_auc=0.7014, log_loss=0.6568, f1=0.7290
2026-05-04 14:36:25 | DEBUG   | src.models.phase4.cv | Fold 10/15 done (random_forest, classification): auc_roc=0.5813, pr_auc=0.7154, log_loss=0.6558, f1=0.7281
2026-05-04 14:36:26 | DEBUG   | src.models.phase4.cv | Fold 11/15 done (random_forest, classification): auc_roc=0.6569, pr_auc=0.7377, log_loss=0.6368, f1=0.7606
2026-05-04 14:36:27 | DEBUG   | src.models.phase4.cv | Fold 12/15 done (random_forest, classification): auc_roc=0.5969, pr_auc=0.7004, log_loss=0.6576, f1=0.7251
2026-05-04 14:36:27 | DEBUG   | src.models.phase4.cv | Fold 13/15 done (random_forest, classification): auc_roc=0.6304, pr_auc=0.7323, log_loss=0.6371, f1=0.7818
2026-05-04 14:36:28 | DEBUG   | src.models.phase4.cv | Fold 14/15 done (random_forest, classification): auc_roc=0.6009, pr_auc=0.6984, log_loss=0.6525, f1=0.7506
2026-05-04 14:36:29 | DEBUG   | src.models.phase4.cv | Fold 15/15 done (random_forest, classification): auc_roc=0.5373, pr_auc=0.6735, log_loss=0.6744, f1=0.7215
2026-05-04 14:36:32 | INFO    | src.models.phase4.benchmark | Done: matrix=standalone_positive_union family=random_forest target=roi_gt_2 OOF=auc_roc=0.6049, f1=0.7494, log_loss=0.6497, pr_auc=0.7125 inner_best_params={'model__max_depth': 12, 'model__min_samples_leaf': 1, 'model__n_estimators': 200}
2026-05-04 14:36:32 | INFO    | src.experiments.save_run | Run finished: phase=phase_4_v2 name=standalone_positive_union_random_forest dir=runs/phase_4_v2/20260504_1431_standalone_positive_union_random_forest
