2026-05-04 01:41:13 | INFO    | src.experiments.save_run | Run started: phase=phase_4 name=all_five_mpnet_histgb dir=runs/phase_4/20260504_0141_all_five_mpnet_histgb
2026-05-04 01:41:13 | INFO    | src.models.phase4.benchmark | Eval: matrix=all_five_mpnet family=histgb target=log_roi task=regression
2026-05-04 01:41:13 | INFO    | src.models.phase4.cv | Inner GridSearchCV: family=histgb task=regression X.shape=(1199, 127)
2026-05-04 01:41:19 | INFO    | src.models.phase4.cv | Inner CV best: family=histgb task=regression score=-1.3130 params={'model__learning_rate': 0.05, 'model__max_depth': 4, 'model__min_samples_leaf': 80}
2026-05-04 01:41:19 | INFO    | src.models.phase4.cv | Repeated outer CV (3x5): family=histgb task=regression
2026-05-04 01:41:19 | DEBUG   | src.models.phase4.cv | Fold 1/15 done (histgb, regression): mse=1.3102, rmse=1.1447, mae=0.8412, cvrmse=0.8969
2026-05-04 01:41:19 | DEBUG   | src.models.phase4.cv | Fold 2/15 done (histgb, regression): mse=1.7402, rmse=1.3191, mae=0.9508, cvrmse=0.9412
2026-05-04 01:41:19 | DEBUG   | src.models.phase4.cv | Fold 3/15 done (histgb, regression): mse=1.6786, rmse=1.2956, mae=0.9256, cvrmse=0.9835
2026-05-04 01:41:19 | DEBUG   | src.models.phase4.cv | Fold 4/15 done (histgb, regression): mse=1.8065, rmse=1.3441, mae=0.9649, cvrmse=0.9767
2026-05-04 01:41:19 | DEBUG   | src.models.phase4.cv | Fold 5/15 done (histgb, regression): mse=2.1362, rmse=1.4616, mae=0.9683, cvrmse=1.0701
2026-05-04 01:41:20 | DEBUG   | src.models.phase4.cv | Fold 6/15 done (histgb, regression): mse=1.3794, rmse=1.1745, mae=0.9228, cvrmse=0.8815
2026-05-04 01:41:20 | DEBUG   | src.models.phase4.cv | Fold 7/15 done (histgb, regression): mse=2.2898, rmse=1.5132, mae=0.9181, cvrmse=1.1020
2026-05-04 01:41:20 | DEBUG   | src.models.phase4.cv | Fold 8/15 done (histgb, regression): mse=1.6283, rmse=1.2760, mae=0.9268, cvrmse=0.9683
2026-05-04 01:41:20 | DEBUG   | src.models.phase4.cv | Fold 9/15 done (histgb, regression): mse=1.6076, rmse=1.2679, mae=0.9234, cvrmse=0.9654
2026-05-04 01:41:20 | DEBUG   | src.models.phase4.cv | Fold 10/15 done (histgb, regression): mse=1.9825, rmse=1.4080, mae=1.0125, cvrmse=1.0052
2026-05-04 01:41:21 | DEBUG   | src.models.phase4.cv | Fold 11/15 done (histgb, regression): mse=1.9325, rmse=1.3901, mae=1.0111, cvrmse=0.9678
2026-05-04 01:41:21 | DEBUG   | src.models.phase4.cv | Fold 12/15 done (histgb, regression): mse=1.7189, rmse=1.3111, mae=0.9851, cvrmse=0.9783
2026-05-04 01:41:21 | DEBUG   | src.models.phase4.cv | Fold 13/15 done (histgb, regression): mse=2.2895, rmse=1.5131, mae=0.9655, cvrmse=1.1278
2026-05-04 01:41:21 | DEBUG   | src.models.phase4.cv | Fold 14/15 done (histgb, regression): mse=1.5214, rmse=1.2335, mae=0.8369, cvrmse=0.9770
2026-05-04 01:41:22 | DEBUG   | src.models.phase4.cv | Fold 15/15 done (histgb, regression): mse=1.4011, rmse=1.1837, mae=0.9100, cvrmse=0.8726
2026-05-04 01:41:22 | INFO    | src.models.phase4.benchmark | Done: matrix=all_five_mpnet family=histgb target=log_roi OOF=cvrmse=0.9805, mae=0.9316, mse=1.7455, rmse=1.3212 inner_best_params={'model__learning_rate': 0.05, 'model__max_depth': 4, 'model__min_samples_leaf': 80}
2026-05-04 01:41:22 | INFO    | src.models.phase4.benchmark | Eval: matrix=all_five_mpnet family=histgb target=roi_gt_1 task=classification
2026-05-04 01:41:22 | INFO    | src.models.phase4.cv | Inner GridSearchCV: family=histgb task=classification X.shape=(1199, 127)
2026-05-04 01:41:26 | INFO    | src.models.phase4.cv | Inner CV best: family=histgb task=classification score=0.5965 params={'model__learning_rate': 0.05, 'model__max_depth': 4, 'model__min_samples_leaf': 40}
2026-05-04 01:41:26 | INFO    | src.models.phase4.cv | Repeated outer CV (3x5): family=histgb task=classification
2026-05-04 01:41:26 | DEBUG   | src.models.phase4.cv | Fold 1/15 done (histgb, classification): auc_roc=0.6136, pr_auc=0.8578, log_loss=0.6540, f1=0.7627
2026-05-04 01:41:26 | DEBUG   | src.models.phase4.cv | Fold 2/15 done (histgb, classification): auc_roc=0.5569, pr_auc=0.8503, log_loss=0.6162, f1=0.8156
2026-05-04 01:41:26 | DEBUG   | src.models.phase4.cv | Fold 3/15 done (histgb, classification): auc_roc=0.6115, pr_auc=0.8669, log_loss=0.6463, f1=0.7945
2026-05-04 01:41:26 | DEBUG   | src.models.phase4.cv | Fold 4/15 done (histgb, classification): auc_roc=0.5741, pr_auc=0.8391, log_loss=0.6649, f1=0.6890
2026-05-04 01:41:26 | DEBUG   | src.models.phase4.cv | Fold 5/15 done (histgb, classification): auc_roc=0.6263, pr_auc=0.8713, log_loss=0.6346, f1=0.7622
2026-05-04 01:41:26 | DEBUG   | src.models.phase4.cv | Fold 6/15 done (histgb, classification): auc_roc=0.6387, pr_auc=0.8798, log_loss=0.6329, f1=0.7899
2026-05-04 01:41:27 | DEBUG   | src.models.phase4.cv | Fold 7/15 done (histgb, classification): auc_roc=0.5184, pr_auc=0.8120, log_loss=0.6303, f1=0.7663
2026-05-04 01:41:27 | DEBUG   | src.models.phase4.cv | Fold 8/15 done (histgb, classification): auc_roc=0.5123, pr_auc=0.8028, log_loss=0.6496, f1=0.7262
2026-05-04 01:41:27 | DEBUG   | src.models.phase4.cv | Fold 9/15 done (histgb, classification): auc_roc=0.6195, pr_auc=0.8758, log_loss=0.6342, f1=0.7667
2026-05-04 01:41:27 | DEBUG   | src.models.phase4.cv | Fold 10/15 done (histgb, classification): auc_roc=0.5989, pr_auc=0.8673, log_loss=0.6215, f1=0.7869
2026-05-04 01:41:27 | DEBUG   | src.models.phase4.cv | Fold 11/15 done (histgb, classification): auc_roc=0.4818, pr_auc=0.8183, log_loss=0.6647, f1=0.7298
2026-05-04 01:41:27 | DEBUG   | src.models.phase4.cv | Fold 12/15 done (histgb, classification): auc_roc=0.6292, pr_auc=0.8747, log_loss=0.6379, f1=0.7521
2026-05-04 01:41:28 | DEBUG   | src.models.phase4.cv | Fold 13/15 done (histgb, classification): auc_roc=0.5834, pr_auc=0.8420, log_loss=0.6260, f1=0.7890
2026-05-04 01:41:28 | DEBUG   | src.models.phase4.cv | Fold 14/15 done (histgb, classification): auc_roc=0.5722, pr_auc=0.8193, log_loss=0.6691, f1=0.7564
2026-05-04 01:41:28 | DEBUG   | src.models.phase4.cv | Fold 15/15 done (histgb, classification): auc_roc=0.6554, pr_auc=0.8785, log_loss=0.6126, f1=0.7831
2026-05-04 01:41:30 | INFO    | src.models.phase4.benchmark | Done: matrix=all_five_mpnet family=histgb target=roi_gt_1 OOF=auc_roc=0.5977, f1=0.7844, log_loss=0.6341, pr_auc=0.8532 inner_best_params={'model__learning_rate': 0.05, 'model__max_depth': 4, 'model__min_samples_leaf': 40}
2026-05-04 01:41:30 | INFO    | src.models.phase4.benchmark | Eval: matrix=all_five_mpnet family=histgb target=roi_gt_2 task=classification
2026-05-04 01:41:30 | INFO    | src.models.phase4.cv | Inner GridSearchCV: family=histgb task=classification X.shape=(1199, 127)
2026-05-04 01:41:35 | INFO    | src.models.phase4.cv | Inner CV best: family=histgb task=classification score=0.6205 params={'model__learning_rate': 0.01, 'model__max_depth': 4, 'model__min_samples_leaf': 40}
2026-05-04 01:41:35 | INFO    | src.models.phase4.cv | Repeated outer CV (3x5): family=histgb task=classification
2026-05-04 01:41:35 | DEBUG   | src.models.phase4.cv | Fold 1/15 done (histgb, classification): auc_roc=0.5741, pr_auc=0.7025, log_loss=0.6829, f1=0.5585
2026-05-04 01:41:36 | DEBUG   | src.models.phase4.cv | Fold 2/15 done (histgb, classification): auc_roc=0.6429, pr_auc=0.7284, log_loss=0.6587, f1=0.7248
2026-05-04 01:41:36 | DEBUG   | src.models.phase4.cv | Fold 3/15 done (histgb, classification): auc_roc=0.6394, pr_auc=0.7527, log_loss=0.6715, f1=0.6894
2026-05-04 01:41:37 | DEBUG   | src.models.phase4.cv | Fold 4/15 done (histgb, classification): auc_roc=0.6379, pr_auc=0.7384, log_loss=0.6705, f1=0.6739
2026-05-04 01:41:38 | DEBUG   | src.models.phase4.cv | Fold 5/15 done (histgb, classification): auc_roc=0.6084, pr_auc=0.7250, log_loss=0.6655, f1=0.6575
2026-05-04 01:41:38 | DEBUG   | src.models.phase4.cv | Fold 6/15 done (histgb, classification): auc_roc=0.5929, pr_auc=0.7315, log_loss=0.6660, f1=0.6689
2026-05-04 01:41:39 | DEBUG   | src.models.phase4.cv | Fold 7/15 done (histgb, classification): auc_roc=0.6247, pr_auc=0.7428, log_loss=0.6676, f1=0.6454
2026-05-04 01:41:40 | DEBUG   | src.models.phase4.cv | Fold 8/15 done (histgb, classification): auc_roc=0.5982, pr_auc=0.7336, log_loss=0.6645, f1=0.6000
2026-05-04 01:41:40 | DEBUG   | src.models.phase4.cv | Fold 9/15 done (histgb, classification): auc_roc=0.5690, pr_auc=0.7216, log_loss=0.6894, f1=0.6182
2026-05-04 01:41:40 | DEBUG   | src.models.phase4.cv | Fold 10/15 done (histgb, classification): auc_roc=0.5726, pr_auc=0.6976, log_loss=0.6822, f1=0.6127
2026-05-04 01:41:40 | DEBUG   | src.models.phase4.cv | Fold 11/15 done (histgb, classification): auc_roc=0.6055, pr_auc=0.7194, log_loss=0.6764, f1=0.6779
2026-05-04 01:41:41 | DEBUG   | src.models.phase4.cv | Fold 12/15 done (histgb, classification): auc_roc=0.6080, pr_auc=0.7325, log_loss=0.6724, f1=0.6621
2026-05-04 01:41:41 | DEBUG   | src.models.phase4.cv | Fold 13/15 done (histgb, classification): auc_roc=0.5700, pr_auc=0.7051, log_loss=0.6769, f1=0.5806
2026-05-04 01:41:42 | DEBUG   | src.models.phase4.cv | Fold 14/15 done (histgb, classification): auc_roc=0.6142, pr_auc=0.7403, log_loss=0.6597, f1=0.6758
2026-05-04 01:41:42 | DEBUG   | src.models.phase4.cv | Fold 15/15 done (histgb, classification): auc_roc=0.5646, pr_auc=0.7111, log_loss=0.6786, f1=0.6219
2026-05-04 01:41:45 | INFO    | src.models.phase4.benchmark | Done: matrix=all_five_mpnet family=histgb target=roi_gt_2 OOF=auc_roc=0.6219, f1=0.6630, log_loss=0.6687, pr_auc=0.7324 inner_best_params={'model__learning_rate': 0.01, 'model__max_depth': 4, 'model__min_samples_leaf': 40}
2026-05-04 01:41:45 | INFO    | src.experiments.save_run | Run finished: phase=phase_4 name=all_five_mpnet_histgb dir=runs/phase_4/20260504_0141_all_five_mpnet_histgb
