2026-05-04 01:48:36 | INFO    | src.experiments.save_run | Run started: phase=phase_4 name=standalone_positive_union_mpnet_random_forest dir=runs/phase_4/20260504_0148_standalone_positive_union_mpnet_random_forest
2026-05-04 01:48:36 | INFO    | src.models.phase4.benchmark | Eval: matrix=standalone_positive_union_mpnet family=random_forest target=log_roi task=regression
2026-05-04 01:48:36 | INFO    | src.models.phase4.cv | Inner GridSearchCV: family=random_forest task=regression X.shape=(1199, 92)
2026-05-04 01:50:09 | INFO    | src.models.phase4.cv | Inner CV best: family=random_forest task=regression score=-1.3078 params={'model__max_depth': None, 'model__min_samples_leaf': 20, 'model__n_estimators': 500}
2026-05-04 01:50:09 | INFO    | src.models.phase4.cv | Repeated outer CV (3x5): family=random_forest task=regression
2026-05-04 01:50:16 | DEBUG   | src.models.phase4.cv | Fold 1/15 done (random_forest, regression): mse=1.2934, rmse=1.1373, mae=0.8459, cvrmse=0.8912
2026-05-04 01:50:22 | DEBUG   | src.models.phase4.cv | Fold 2/15 done (random_forest, regression): mse=1.7260, rmse=1.3138, mae=0.9421, cvrmse=0.9374
2026-05-04 01:50:28 | DEBUG   | src.models.phase4.cv | Fold 3/15 done (random_forest, regression): mse=1.6223, rmse=1.2737, mae=0.9104, cvrmse=0.9668
2026-05-04 01:50:34 | DEBUG   | src.models.phase4.cv | Fold 4/15 done (random_forest, regression): mse=1.7928, rmse=1.3389, mae=0.9761, cvrmse=0.9730
2026-05-04 01:50:40 | DEBUG   | src.models.phase4.cv | Fold 5/15 done (random_forest, regression): mse=2.1767, rmse=1.4754, mae=0.9787, cvrmse=1.0802
2026-05-04 01:50:47 | DEBUG   | src.models.phase4.cv | Fold 6/15 done (random_forest, regression): mse=1.3246, rmse=1.1509, mae=0.9113, cvrmse=0.8638
2026-05-04 01:50:53 | DEBUG   | src.models.phase4.cv | Fold 7/15 done (random_forest, regression): mse=2.3002, rmse=1.5167, mae=0.9175, cvrmse=1.1045
2026-05-04 01:50:59 | DEBUG   | src.models.phase4.cv | Fold 8/15 done (random_forest, regression): mse=1.5446, rmse=1.2428, mae=0.9148, cvrmse=0.9431
2026-05-04 01:51:06 | DEBUG   | src.models.phase4.cv | Fold 9/15 done (random_forest, regression): mse=1.5694, rmse=1.2527, mae=0.9176, cvrmse=0.9539
2026-05-04 01:51:12 | DEBUG   | src.models.phase4.cv | Fold 10/15 done (random_forest, regression): mse=1.8901, rmse=1.3748, mae=0.9993, cvrmse=0.9815
2026-05-04 01:51:18 | DEBUG   | src.models.phase4.cv | Fold 11/15 done (random_forest, regression): mse=1.8713, rmse=1.3680, mae=0.9929, cvrmse=0.9524
2026-05-04 01:51:25 | DEBUG   | src.models.phase4.cv | Fold 12/15 done (random_forest, regression): mse=1.6964, rmse=1.3025, mae=0.9937, cvrmse=0.9719
2026-05-04 01:51:31 | DEBUG   | src.models.phase4.cv | Fold 13/15 done (random_forest, regression): mse=2.2115, rmse=1.4871, mae=0.9369, cvrmse=1.1085
2026-05-04 01:51:37 | DEBUG   | src.models.phase4.cv | Fold 14/15 done (random_forest, regression): mse=1.4581, rmse=1.2075, mae=0.8225, cvrmse=0.9564
2026-05-04 01:51:44 | DEBUG   | src.models.phase4.cv | Fold 15/15 done (random_forest, regression): mse=1.3895, rmse=1.1788, mae=0.9053, cvrmse=0.8690
2026-05-04 01:51:53 | INFO    | src.models.phase4.benchmark | Done: matrix=standalone_positive_union_mpnet family=random_forest target=log_roi OOF=cvrmse=0.9724, mae=0.9283, mse=1.7167, rmse=1.3102 inner_best_params={'model__max_depth': None, 'model__min_samples_leaf': 20, 'model__n_estimators': 500}
2026-05-04 01:51:53 | INFO    | src.models.phase4.benchmark | Eval: matrix=standalone_positive_union_mpnet family=random_forest target=roi_gt_1 task=classification
2026-05-04 01:51:53 | INFO    | src.models.phase4.cv | Inner GridSearchCV: family=random_forest task=classification X.shape=(1199, 92)
2026-05-04 01:52:04 | INFO    | src.models.phase4.cv | Inner CV best: family=random_forest task=classification score=0.6119 params={'model__max_depth': None, 'model__min_samples_leaf': 1, 'model__n_estimators': 500}
2026-05-04 01:52:04 | INFO    | src.models.phase4.cv | Repeated outer CV (3x5): family=random_forest task=classification
2026-05-04 01:52:05 | DEBUG   | src.models.phase4.cv | Fold 1/15 done (random_forest, classification): auc_roc=0.5983, pr_auc=0.8486, log_loss=0.4799, f1=0.8961
2026-05-04 01:52:07 | DEBUG   | src.models.phase4.cv | Fold 2/15 done (random_forest, classification): auc_roc=0.6298, pr_auc=0.8825, log_loss=0.4738, f1=0.8915
2026-05-04 01:52:08 | DEBUG   | src.models.phase4.cv | Fold 3/15 done (random_forest, classification): auc_roc=0.5991, pr_auc=0.8582, log_loss=0.4756, f1=0.8940
2026-05-04 01:52:09 | DEBUG   | src.models.phase4.cv | Fold 4/15 done (random_forest, classification): auc_roc=0.6326, pr_auc=0.8851, log_loss=0.4722, f1=0.8940
2026-05-04 01:52:11 | DEBUG   | src.models.phase4.cv | Fold 5/15 done (random_forest, classification): auc_roc=0.5995, pr_auc=0.8561, log_loss=0.4905, f1=0.8910
2026-05-04 01:52:12 | DEBUG   | src.models.phase4.cv | Fold 6/15 done (random_forest, classification): auc_roc=0.6116, pr_auc=0.8663, log_loss=0.4697, f1=0.8961
2026-05-04 01:52:13 | DEBUG   | src.models.phase4.cv | Fold 7/15 done (random_forest, classification): auc_roc=0.6191, pr_auc=0.8634, log_loss=0.4760, f1=0.8915
2026-05-04 01:52:15 | DEBUG   | src.models.phase4.cv | Fold 8/15 done (random_forest, classification): auc_roc=0.5821, pr_auc=0.8602, log_loss=0.4772, f1=0.8940
2026-05-04 01:52:16 | DEBUG   | src.models.phase4.cv | Fold 9/15 done (random_forest, classification): auc_roc=0.5970, pr_auc=0.8607, log_loss=0.4788, f1=0.8961
2026-05-04 01:52:17 | DEBUG   | src.models.phase4.cv | Fold 10/15 done (random_forest, classification): auc_roc=0.6653, pr_auc=0.8835, log_loss=0.4604, f1=0.8961
2026-05-04 01:52:19 | DEBUG   | src.models.phase4.cv | Fold 11/15 done (random_forest, classification): auc_roc=0.6505, pr_auc=0.8846, log_loss=0.4676, f1=0.8961
2026-05-04 01:52:20 | DEBUG   | src.models.phase4.cv | Fold 12/15 done (random_forest, classification): auc_roc=0.5752, pr_auc=0.8607, log_loss=0.4890, f1=0.8910
2026-05-04 01:52:21 | DEBUG   | src.models.phase4.cv | Fold 13/15 done (random_forest, classification): auc_roc=0.6203, pr_auc=0.8666, log_loss=0.4768, f1=0.8940
2026-05-04 01:52:23 | DEBUG   | src.models.phase4.cv | Fold 14/15 done (random_forest, classification): auc_roc=0.6034, pr_auc=0.8638, log_loss=0.4779, f1=0.8961
2026-05-04 01:52:24 | DEBUG   | src.models.phase4.cv | Fold 15/15 done (random_forest, classification): auc_roc=0.6458, pr_auc=0.8837, log_loss=0.4621, f1=0.8961
2026-05-04 01:52:28 | INFO    | src.models.phase4.benchmark | Done: matrix=standalone_positive_union_mpnet family=random_forest target=roi_gt_1 OOF=auc_roc=0.6234, f1=0.8942, log_loss=0.4730, pr_auc=0.8718 inner_best_params={'model__max_depth': None, 'model__min_samples_leaf': 1, 'model__n_estimators': 500}
2026-05-04 01:52:28 | INFO    | src.models.phase4.benchmark | Eval: matrix=standalone_positive_union_mpnet family=random_forest target=roi_gt_2 task=classification
2026-05-04 01:52:28 | INFO    | src.models.phase4.cv | Inner GridSearchCV: family=random_forest task=classification X.shape=(1199, 92)
2026-05-04 01:52:40 | INFO    | src.models.phase4.cv | Inner CV best: family=random_forest task=classification score=0.6402 params={'model__max_depth': 12, 'model__min_samples_leaf': 1, 'model__n_estimators': 500}
2026-05-04 01:52:40 | INFO    | src.models.phase4.cv | Repeated outer CV (3x5): family=random_forest task=classification
2026-05-04 01:52:41 | DEBUG   | src.models.phase4.cv | Fold 1/15 done (random_forest, classification): auc_roc=0.6587, pr_auc=0.7512, log_loss=0.6273, f1=0.8011
2026-05-04 01:52:42 | DEBUG   | src.models.phase4.cv | Fold 2/15 done (random_forest, classification): auc_roc=0.5915, pr_auc=0.7244, log_loss=0.6389, f1=0.7696
2026-05-04 01:52:44 | DEBUG   | src.models.phase4.cv | Fold 3/15 done (random_forest, classification): auc_roc=0.6720, pr_auc=0.7873, log_loss=0.6168, f1=0.7828
2026-05-04 01:52:45 | DEBUG   | src.models.phase4.cv | Fold 4/15 done (random_forest, classification): auc_roc=0.6563, pr_auc=0.7563, log_loss=0.6173, f1=0.8011
2026-05-04 01:52:46 | DEBUG   | src.models.phase4.cv | Fold 5/15 done (random_forest, classification): auc_roc=0.6222, pr_auc=0.7787, log_loss=0.6310, f1=0.7535
2026-05-04 01:52:48 | DEBUG   | src.models.phase4.cv | Fold 6/15 done (random_forest, classification): auc_roc=0.5898, pr_auc=0.7364, log_loss=0.6486, f1=0.7547
2026-05-04 01:52:49 | DEBUG   | src.models.phase4.cv | Fold 7/15 done (random_forest, classification): auc_roc=0.6571, pr_auc=0.7539, log_loss=0.6250, f1=0.7757
2026-05-04 01:52:50 | DEBUG   | src.models.phase4.cv | Fold 8/15 done (random_forest, classification): auc_roc=0.6764, pr_auc=0.7952, log_loss=0.6098, f1=0.7882
2026-05-04 01:52:52 | DEBUG   | src.models.phase4.cv | Fold 9/15 done (random_forest, classification): auc_roc=0.6018, pr_auc=0.7307, log_loss=0.6347, f1=0.7798
2026-05-04 01:52:53 | DEBUG   | src.models.phase4.cv | Fold 10/15 done (random_forest, classification): auc_roc=0.6402, pr_auc=0.7704, log_loss=0.6244, f1=0.7726
2026-05-04 01:52:54 | DEBUG   | src.models.phase4.cv | Fold 11/15 done (random_forest, classification): auc_roc=0.5957, pr_auc=0.7340, log_loss=0.6444, f1=0.7713
2026-05-04 01:52:56 | DEBUG   | src.models.phase4.cv | Fold 12/15 done (random_forest, classification): auc_roc=0.6161, pr_auc=0.7476, log_loss=0.6330, f1=0.7742
2026-05-04 01:52:57 | DEBUG   | src.models.phase4.cv | Fold 13/15 done (random_forest, classification): auc_roc=0.6512, pr_auc=0.7831, log_loss=0.6174, f1=0.7937
2026-05-04 01:52:59 | DEBUG   | src.models.phase4.cv | Fold 14/15 done (random_forest, classification): auc_roc=0.6621, pr_auc=0.7812, log_loss=0.6175, f1=0.7817
2026-05-04 01:53:00 | DEBUG   | src.models.phase4.cv | Fold 15/15 done (random_forest, classification): auc_roc=0.6072, pr_auc=0.7292, log_loss=0.6326, f1=0.7847
2026-05-04 01:53:03 | INFO    | src.models.phase4.benchmark | Done: matrix=standalone_positive_union_mpnet family=random_forest target=roi_gt_2 OOF=auc_roc=0.6394, f1=0.7816, log_loss=0.6263, pr_auc=0.7591 inner_best_params={'model__max_depth': 12, 'model__min_samples_leaf': 1, 'model__n_estimators': 500}
2026-05-04 01:53:03 | INFO    | src.experiments.save_run | Run finished: phase=phase_4 name=standalone_positive_union_mpnet_random_forest dir=runs/phase_4/20260504_0148_standalone_positive_union_mpnet_random_forest
