2026-05-03 23:58:00 | INFO    | src.experiments.save_run | Run started: phase=phase_4 name=all_five_linear_svm dir=runs/phase_4/20260503_2358_all_five_linear_svm
2026-05-03 23:58:00 | INFO    | src.models.phase4.benchmark | Eval: matrix=all_five family=linear_svm target=log_roi task=regression
2026-05-03 23:58:00 | INFO    | src.models.phase4.cv | Inner GridSearchCV: family=linear_svm task=regression X.shape=(1199, 127)
2026-05-03 23:58:01 | INFO    | src.models.phase4.cv | Inner CV best: family=linear_svm task=regression score=-1.3646 params={'model__C': 0.01}
2026-05-03 23:58:01 | INFO    | src.models.phase4.cv | Repeated outer CV (3x5): family=linear_svm task=regression
2026-05-03 23:58:01 | DEBUG   | src.models.phase4.cv | Fold 1/15 done (linear_svm, regression): mse=1.4453, rmse=1.2022, mae=0.9000, cvrmse=0.9420
2026-05-03 23:58:01 | DEBUG   | src.models.phase4.cv | Fold 2/15 done (linear_svm, regression): mse=1.8759, rmse=1.3696, mae=0.9799, cvrmse=0.9772
2026-05-03 23:58:01 | DEBUG   | src.models.phase4.cv | Fold 3/15 done (linear_svm, regression): mse=1.8534, rmse=1.3614, mae=0.9861, cvrmse=1.0334
2026-05-03 23:58:01 | DEBUG   | src.models.phase4.cv | Fold 4/15 done (linear_svm, regression): mse=1.8815, rmse=1.3717, mae=1.0048, cvrmse=0.9968
2026-05-03 23:58:01 | DEBUG   | src.models.phase4.cv | Fold 5/15 done (linear_svm, regression): mse=2.3063, rmse=1.5187, mae=1.0250, cvrmse=1.1118
2026-05-03 23:58:01 | DEBUG   | src.models.phase4.cv | Fold 6/15 done (linear_svm, regression): mse=1.3921, rmse=1.1799, mae=0.9243, cvrmse=0.8855
2026-05-03 23:58:01 | DEBUG   | src.models.phase4.cv | Fold 7/15 done (linear_svm, regression): mse=2.5268, rmse=1.5896, mae=0.9978, cvrmse=1.1576
2026-05-03 23:58:01 | DEBUG   | src.models.phase4.cv | Fold 8/15 done (linear_svm, regression): mse=1.7191, rmse=1.3111, mae=0.9643, cvrmse=0.9950
2026-05-03 23:58:01 | DEBUG   | src.models.phase4.cv | Fold 9/15 done (linear_svm, regression): mse=1.7039, rmse=1.3054, mae=0.9389, cvrmse=0.9939
2026-05-03 23:58:01 | DEBUG   | src.models.phase4.cv | Fold 10/15 done (linear_svm, regression): mse=2.0748, rmse=1.4404, mae=1.0374, cvrmse=1.0284
2026-05-03 23:58:01 | DEBUG   | src.models.phase4.cv | Fold 11/15 done (linear_svm, regression): mse=2.0415, rmse=1.4288, mae=1.0327, cvrmse=0.9947
2026-05-03 23:58:01 | DEBUG   | src.models.phase4.cv | Fold 12/15 done (linear_svm, regression): mse=1.6542, rmse=1.2862, mae=0.9696, cvrmse=0.9597
2026-05-03 23:58:01 | DEBUG   | src.models.phase4.cv | Fold 13/15 done (linear_svm, regression): mse=2.3596, rmse=1.5361, mae=0.9842, cvrmse=1.1450
2026-05-03 23:58:01 | DEBUG   | src.models.phase4.cv | Fold 14/15 done (linear_svm, regression): mse=1.6913, rmse=1.3005, mae=0.9014, cvrmse=1.0301
2026-05-03 23:58:01 | DEBUG   | src.models.phase4.cv | Fold 15/15 done (linear_svm, regression): mse=1.7041, rmse=1.3054, mae=0.9775, cvrmse=0.9624
2026-05-03 23:58:02 | INFO    | src.models.phase4.benchmark | Done: matrix=all_five family=linear_svm target=log_roi OOF=cvrmse=1.0117, mae=0.9666, mse=1.8582, rmse=1.3632 inner_best_params={'model__C': 0.01}
2026-05-03 23:58:02 | INFO    | src.models.phase4.benchmark | Eval: matrix=all_five family=linear_svm target=roi_gt_1 task=classification
2026-05-03 23:58:02 | INFO    | src.models.phase4.cv | Inner GridSearchCV: family=linear_svm task=classification X.shape=(1199, 127)
2026-05-03 23:58:02 | INFO    | src.models.phase4.cv | Inner CV best: family=linear_svm task=classification score=0.5687 params={'model__C': 1}
2026-05-03 23:58:02 | INFO    | src.models.phase4.cv | Repeated outer CV (3x5): family=linear_svm task=classification
2026-05-03 23:58:02 | DEBUG   | src.models.phase4.cv | Fold 1/15 done (linear_svm, classification): auc_roc=0.5452, pr_auc=0.8391, f1=0.6848
2026-05-03 23:58:02 | DEBUG   | src.models.phase4.cv | Fold 2/15 done (linear_svm, classification): auc_roc=0.5667, pr_auc=0.8525, f1=0.7380
2026-05-03 23:58:02 | DEBUG   | src.models.phase4.cv | Fold 3/15 done (linear_svm, classification): auc_roc=0.6330, pr_auc=0.8649, f1=0.7331
2026-05-03 23:58:02 | DEBUG   | src.models.phase4.cv | Fold 4/15 done (linear_svm, classification): auc_roc=0.5512, pr_auc=0.8198, f1=0.7048
2026-05-03 23:58:02 | DEBUG   | src.models.phase4.cv | Fold 5/15 done (linear_svm, classification): auc_roc=0.5477, pr_auc=0.8586, f1=0.6747
2026-05-03 23:58:02 | DEBUG   | src.models.phase4.cv | Fold 6/15 done (linear_svm, classification): auc_roc=0.6187, pr_auc=0.8667, f1=0.7486
2026-05-03 23:58:02 | DEBUG   | src.models.phase4.cv | Fold 7/15 done (linear_svm, classification): auc_roc=0.5956, pr_auc=0.8659, f1=0.7235
2026-05-03 23:58:02 | DEBUG   | src.models.phase4.cv | Fold 8/15 done (linear_svm, classification): auc_roc=0.5255, pr_auc=0.8153, f1=0.7168
2026-05-03 23:58:02 | DEBUG   | src.models.phase4.cv | Fold 9/15 done (linear_svm, classification): auc_roc=0.5258, pr_auc=0.8384, f1=0.6807
2026-05-03 23:58:02 | DEBUG   | src.models.phase4.cv | Fold 10/15 done (linear_svm, classification): auc_roc=0.6084, pr_auc=0.8429, f1=0.7692
2026-05-03 23:58:03 | DEBUG   | src.models.phase4.cv | Fold 11/15 done (linear_svm, classification): auc_roc=0.5421, pr_auc=0.8370, f1=0.7293
2026-05-03 23:58:03 | DEBUG   | src.models.phase4.cv | Fold 12/15 done (linear_svm, classification): auc_roc=0.6187, pr_auc=0.8793, f1=0.7614
2026-05-03 23:58:03 | DEBUG   | src.models.phase4.cv | Fold 13/15 done (linear_svm, classification): auc_roc=0.5513, pr_auc=0.8378, f1=0.6748
2026-05-03 23:58:03 | DEBUG   | src.models.phase4.cv | Fold 14/15 done (linear_svm, classification): auc_roc=0.5000, pr_auc=0.8183, f1=0.6667
2026-05-03 23:58:03 | DEBUG   | src.models.phase4.cv | Fold 15/15 done (linear_svm, classification): auc_roc=0.6585, pr_auc=0.8924, f1=0.7365
2026-05-03 23:58:04 | INFO    | src.models.phase4.benchmark | Done: matrix=all_five family=linear_svm target=roi_gt_1 OOF=auc_roc=0.5791, f1=0.7254, pr_auc=0.8455 inner_best_params={'model__C': 1}
2026-05-03 23:58:04 | INFO    | src.models.phase4.benchmark | Eval: matrix=all_five family=linear_svm target=roi_gt_2 task=classification
2026-05-03 23:58:04 | INFO    | src.models.phase4.cv | Inner GridSearchCV: family=linear_svm task=classification X.shape=(1199, 127)
2026-05-03 23:58:04 | INFO    | src.models.phase4.cv | Inner CV best: family=linear_svm task=classification score=0.6061 params={'model__C': 0.01}
2026-05-03 23:58:04 | INFO    | src.models.phase4.cv | Repeated outer CV (3x5): family=linear_svm task=classification
2026-05-03 23:58:04 | DEBUG   | src.models.phase4.cv | Fold 1/15 done (linear_svm, classification): auc_roc=0.6010, pr_auc=0.7240, f1=0.6735
2026-05-03 23:58:05 | DEBUG   | src.models.phase4.cv | Fold 2/15 done (linear_svm, classification): auc_roc=0.5629, pr_auc=0.6975, f1=0.6224
2026-05-03 23:58:05 | DEBUG   | src.models.phase4.cv | Fold 3/15 done (linear_svm, classification): auc_roc=0.6455, pr_auc=0.7837, f1=0.6551
2026-05-03 23:58:05 | DEBUG   | src.models.phase4.cv | Fold 4/15 done (linear_svm, classification): auc_roc=0.6205, pr_auc=0.7421, f1=0.6308
2026-05-03 23:58:05 | DEBUG   | src.models.phase4.cv | Fold 5/15 done (linear_svm, classification): auc_roc=0.6005, pr_auc=0.7175, f1=0.6526
2026-05-03 23:58:05 | DEBUG   | src.models.phase4.cv | Fold 6/15 done (linear_svm, classification): auc_roc=0.6001, pr_auc=0.7345, f1=0.6806
2026-05-03 23:58:05 | DEBUG   | src.models.phase4.cv | Fold 7/15 done (linear_svm, classification): auc_roc=0.6442, pr_auc=0.7753, f1=0.6498
2026-05-03 23:58:05 | DEBUG   | src.models.phase4.cv | Fold 8/15 done (linear_svm, classification): auc_roc=0.6146, pr_auc=0.7367, f1=0.6479
2026-05-03 23:58:05 | DEBUG   | src.models.phase4.cv | Fold 9/15 done (linear_svm, classification): auc_roc=0.5808, pr_auc=0.7115, f1=0.6197
2026-05-03 23:58:05 | DEBUG   | src.models.phase4.cv | Fold 10/15 done (linear_svm, classification): auc_roc=0.5973, pr_auc=0.7254, f1=0.6335
2026-05-03 23:58:05 | DEBUG   | src.models.phase4.cv | Fold 11/15 done (linear_svm, classification): auc_roc=0.5983, pr_auc=0.7077, f1=0.6505
2026-05-03 23:58:05 | DEBUG   | src.models.phase4.cv | Fold 12/15 done (linear_svm, classification): auc_roc=0.5549, pr_auc=0.6864, f1=0.6465
2026-05-03 23:58:05 | DEBUG   | src.models.phase4.cv | Fold 13/15 done (linear_svm, classification): auc_roc=0.6071, pr_auc=0.7307, f1=0.6000
2026-05-03 23:58:05 | DEBUG   | src.models.phase4.cv | Fold 14/15 done (linear_svm, classification): auc_roc=0.6267, pr_auc=0.7445, f1=0.6690
2026-05-03 23:58:05 | DEBUG   | src.models.phase4.cv | Fold 15/15 done (linear_svm, classification): auc_roc=0.5508, pr_auc=0.7090, f1=0.6298
2026-05-03 23:58:06 | INFO    | src.models.phase4.benchmark | Done: matrix=all_five family=linear_svm target=roi_gt_2 OOF=auc_roc=0.6039, f1=0.6488, pr_auc=0.7277 inner_best_params={'model__C': 0.01}
2026-05-03 23:58:06 | INFO    | src.experiments.save_run | Run finished: phase=phase_4 name=all_five_linear_svm dir=runs/phase_4/20260503_2358_all_five_linear_svm
